#
# An unexpected error has occurred (11)
#
Stack:
/lib/x86_64-linux-gnu/libc.so.6(+0x42520) [0x7e8a19a42520]
/opt/Xilinx/Vivado/2019.1/lib/lnx64.o/librdi_synth.so(ElabSvlgScope::subprogramScope() const+0x20) [0x7e89cef4d9d0]
/opt/Xilinx/Vivado/2019.1/lib/lnx64.o/librdi_synth.so(ElabSvlgScope::addRhsDecl(ElabSvlgDecl*)+0x17d) [0x7e89cef4ea8d]
/opt/Xilinx/Vivado/2019.1/lib/lnx64.o/librdi_synth.so(ElabSvlgScope::cleanup()+0x72) [0x7e89cef51d22]
/opt/Xilinx/Vivado/2019.1/lib/lnx64.o/librdi_synth.so(ElabSvlgScope::~ElabSvlgScope()+0x1e) [0x7e89cef5268e]
/opt/Xilinx/Vivado/2019.1/lib/lnx64.o/librdi_synth.so(ElabSvlgScope::statement(Oasys_Verific::VeriSeqBlock*)+0x20) [0x7e89cef570d0]
/opt/Xilinx/Vivado/2019.1/lib/lnx64.o/librdi_synth.so(ElabSvlgScope::vstatement(Oasys_Verific::VeriStatement*)+0xd3) [0x7e89cef57243]
/opt/Xilinx/Vivado/2019.1/lib/lnx64.o/librdi_synth.so(ElabSvlgScope::statements(Oasys_Verific::Array*)+0x6e) [0x7e89cef5775e]
/opt/Xilinx/Vivado/2019.1/lib/lnx64.o/librdi_synth.so(ElabSvlgBlock::ElabSvlgBlock(ElabSvlgScope*, Oasys_Verific::Array*, bool)+0xa4) [0x7e89cf2bef14]
/opt/Xilinx/Vivado/2019.1/lib/lnx64.o/librdi_synth.so(ElabSvlgScope::createConditionalStatement(Oasys_Verific::VeriExpression*, ElabSvlgCtxt const&, UConst*, int, UHashMapList<ElabSvlgDecl*, UList<ElabSvlgCondValue*, UListNode<ElabSvlgCondValue*>, ElabSvlgCondValue*, UEValue<ElabSvlgCondValue*, UListNode<ElabSvlgCondValue*> > >*, ElabSvlgDecl*, UEKey<ElabSvlgDecl*> >&, Oasys_Verific::Array*, bool, ElabSvlgEventType)+0x8b) [0x7e89cf2c631b]
/opt/Xilinx/Vivado/2019.1/lib/lnx64.o/librdi_synth.so(ElabSvlgScope::createConditionalStatement(Oasys_Verific::VeriExpression*, ElabSvlgCtxt const&, UConst*, int, UHashMapList<ElabSvlgDecl*, UList<ElabSvlgCondValue*, UListNode<ElabSvlgCondValue*>, ElabSvlgCondValue*, UEValue<ElabSvlgCondValue*, UListNode<ElabSvlgCondValue*> > >*, ElabSvlgDecl*, UEKey<ElabSvlgDecl*> >&, Oasys_Verific::VeriStatement*, bool, ElabSvlgEventType)+0x79) [0x7e89cf2c6669]
/opt/Xilinx/Vivado/2019.1/lib/lnx64.o/librdi_synth.so(ElabSvlgScope::statement(Oasys_Verific::VeriConditionalStatement*)+0x6d6) [0x7e89cf2c6d76]
/opt/Xilinx/Vivado/2019.1/lib/lnx64.o/librdi_synth.so(ElabSvlgScope::vstatement(Oasys_Verific::VeriStatement*)+0x2ab) [0x7e89cef5741b]
/opt/Xilinx/Vivado/2019.1/lib/lnx64.o/librdi_synth.so(ElabSvlgScope::statements(Oasys_Verific::Array*)+0x6e) [0x7e89cef5775e]
/opt/Xilinx/Vivado/2019.1/lib/lnx64.o/librdi_synth.so(ElabSvlgBlock::ElabSvlgBlock(ElabSvlgScope*, Oasys_Verific::Array*, bool)+0xa4) [0x7e89cf2bef14]
/opt/Xilinx/Vivado/2019.1/lib/lnx64.o/librdi_synth.so(ElabSvlgScope::createConditionalStatement(Oasys_Verific::VeriExpression*, ElabSvlgCtxt const&, UConst*, int, UHashMapList<ElabSvlgDecl*, UList<ElabSvlgCondValue*, UListNode<ElabSvlgCondValue*>, ElabSvlgCondValue*, UEValue<ElabSvlgCondValue*, UListNode<ElabSvlgCondValue*> > >*, ElabSvlgDecl*, UEKey<ElabSvlgDecl*> >&, Oasys_Verific::Array*, bool, ElabSvlgEventType)+0x8b) [0x7e89cf2c631b]
/opt/Xilinx/Vivado/2019.1/lib/lnx64.o/librdi_synth.so(ElabSvlgScope::createConditionalStatement(Oasys_Verific::VeriExpression*, ElabSvlgCtxt const&, UConst*, int, UHashMapList<ElabSvlgDecl*, UList<ElabSvlgCondValue*, UListNode<ElabSvlgCondValue*>, ElabSvlgCondValue*, UEValue<ElabSvlgCondValue*, UListNode<ElabSvlgCondValue*> > >*, ElabSvlgDecl*, UEKey<ElabSvlgDecl*> >&, Oasys_Verific::VeriStatement*, bool, ElabSvlgEventType)+0x79) [0x7e89cf2c6669]
/opt/Xilinx/Vivado/2019.1/lib/lnx64.o/librdi_synth.so(ElabSvlgScope::statement(Oasys_Verific::VeriConditionalStatement*)+0x724) [0x7e89cf2c6dc4]
/opt/Xilinx/Vivado/2019.1/lib/lnx64.o/librdi_synth.so(ElabSvlgScope::vstatement(Oasys_Verific::VeriStatement*)+0x2ab) [0x7e89cef5741b]
/opt/Xilinx/Vivado/2019.1/lib/lnx64.o/librdi_synth.so(ElabSvlgScope::statements(Oasys_Verific::Array*)+0x6e) [0x7e89cef5775e]
/opt/Xilinx/Vivado/2019.1/lib/lnx64.o/librdi_synth.so(ElabSvlgBlock::ElabSvlgBlock(ElabSvlgScope*, Oasys_Verific::VeriSeqBlock*, bool)+0x6b) [0x7e89cf2bf2cb]
/opt/Xilinx/Vivado/2019.1/lib/lnx64.o/librdi_synth.so(ElabSvlgScope::statement(Oasys_Verific::VeriSeqBlock*)+0x18) [0x7e89cef570c8]
/opt/Xilinx/Vivado/2019.1/lib/lnx64.o/librdi_synth.so(ElabSvlgScope::vstatement(Oasys_Verific::VeriStatement*)+0xd3) [0x7e89cef57243]
/opt/Xilinx/Vivado/2019.1/lib/lnx64.o/librdi_synth.so(ElabSvlgScope::statements(Oasys_Verific::Array*)+0x6e) [0x7e89cef5775e]
/opt/Xilinx/Vivado/2019.1/lib/lnx64.o/librdi_synth.so(ElabSvlgBlock::ElabSvlgBlock(ElabSvlgScope*, Oasys_Verific::Array*, bool)+0xa4) [0x7e89cf2bef14]
/opt/Xilinx/Vivado/2019.1/lib/lnx64.o/librdi_synth.so(ElabSvlgScope::createConditionalStatement(Oasys_Verific::VeriExpression*, ElabSvlgCtxt const&, UConst*, int, UHashMapList<ElabSvlgDecl*, UList<ElabSvlgCondValue*, UListNode<ElabSvlgCondValue*>, ElabSvlgCondValue*, UEValue<ElabSvlgCondValue*, UListNode<ElabSvlgCondValue*> > >*, ElabSvlgDecl*, UEKey<ElabSvlgDecl*> >&, Oasys_Verific::Array*, bool, ElabSvlgEventType)+0x8b) [0x7e89cf2c631b]
/opt/Xilinx/Vivado/2019.1/lib/lnx64.o/librdi_synth.so(ElabSvlgScope::createConditionalStatement(Oasys_Verific::VeriExpression*, ElabSvlgCtxt const&, UConst*, int, UHashMapList<ElabSvlgDecl*, UList<ElabSvlgCondValue*, UListNode<ElabSvlgCondValue*>, ElabSvlgCondValue*, UEValue<ElabSvlgCondValue*, UListNode<ElabSvlgCondValue*> > >*, ElabSvlgDecl*, UEKey<ElabSvlgDecl*> >&, Oasys_Verific::VeriStatement*, bool, ElabSvlgEventType)+0x79) [0x7e89cf2c6669]
/opt/Xilinx/Vivado/2019.1/lib/lnx64.o/librdi_synth.so(ElabSvlgScope::statement(Oasys_Verific::VeriConditionalStatement*)+0x6d6) [0x7e89cf2c6d76]
/opt/Xilinx/Vivado/2019.1/lib/lnx64.o/librdi_synth.so(ElabSvlgScope::vstatement(Oasys_Verific::VeriStatement*)+0x2ab) [0x7e89cef5741b]
/opt/Xilinx/Vivado/2019.1/lib/lnx64.o/librdi_synth.so(ElabSvlgScope::statements(Oasys_Verific::Array*)+0x6e) [0x7e89cef5775e]
/opt/Xilinx/Vivado/2019.1/lib/lnx64.o/librdi_synth.so(ElabSvlgBlock::ElabSvlgBlock(ElabSvlgScope*, Oasys_Verific::Array*, bool)+0xa4) [0x7e89cf2bef14]
/opt/Xilinx/Vivado/2019.1/lib/lnx64.o/librdi_synth.so(ElabSvlgScope::createConditionalStatement(Oasys_Verific::VeriExpression*, ElabSvlgCtxt const&, UConst*, int, UHashMapList<ElabSvlgDecl*, UList<ElabSvlgCondValue*, UListNode<ElabSvlgCondValue*>, ElabSvlgCondValue*, UEValue<ElabSvlgCondValue*, UListNode<ElabSvlgCondValue*> > >*, ElabSvlgDecl*, UEKey<ElabSvlgDecl*> >&, Oasys_Verific::Array*, bool, ElabSvlgEventType)+0x8b) [0x7e89cf2c631b]
/opt/Xilinx/Vivado/2019.1/lib/lnx64.o/librdi_synth.so(ElabSvlgScope::createConditionalStatement(Oasys_Verific::VeriExpression*, ElabSvlgCtxt const&, UConst*, int, UHashMapList<ElabSvlgDecl*, UList<ElabSvlgCondValue*, UListNode<ElabSvlgCondValue*>, ElabSvlgCondValue*, UEValue<ElabSvlgCondValue*, UListNode<ElabSvlgCondValue*> > >*, ElabSvlgDecl*, UEKey<ElabSvlgDecl*> >&, Oasys_Verific::VeriStatement*, bool, ElabSvlgEventType)+0x79) [0x7e89cf2c6669]
/opt/Xilinx/Vivado/2019.1/lib/lnx64.o/librdi_synth.so(ElabSvlgScope::statement(Oasys_Verific::VeriConditionalStatement*)+0x724) [0x7e89cf2c6dc4]
/opt/Xilinx/Vivado/2019.1/lib/lnx64.o/librdi_synth.so(ElabSvlgScope::vstatement(Oasys_Verific::VeriStatement*)+0x2ab) [0x7e89cef5741b]
/opt/Xilinx/Vivado/2019.1/lib/lnx64.o/librdi_synth.so(ElabSvlgScope::statements(Oasys_Verific::Array*)+0x6e) [0x7e89cef5775e]
/opt/Xilinx/Vivado/2019.1/lib/lnx64.o/librdi_synth.so(ElabSvlgBlock::ElabSvlgBlock(ElabSvlgScope*, Oasys_Verific::VeriSeqBlock*, bool)+0x6b) [0x7e89cf2bf2cb]
/opt/Xilinx/Vivado/2019.1/lib/lnx64.o/librdi_synth.so(ElabSvlgScope::statement(Oasys_Verific::VeriSeqBlock*)+0x18) [0x7e89cef570c8]
/opt/Xilinx/Vivado/2019.1/lib/lnx64.o/librdi_synth.so(ElabSvlgScope::vstatement(Oasys_Verific::VeriStatement*)+0xd3) [0x7e89cef57243]
/opt/Xilinx/Vivado/2019.1/lib/lnx64.o/librdi_synth.so(ElabSvlgScope::statements(Oasys_Verific::Array*)+0x6e) [0x7e89cef5775e]
/opt/Xilinx/Vivado/2019.1/lib/lnx64.o/librdi_synth.so(ElabSvlgBlock::ElabSvlgBlock(ElabSvlgScope*, Oasys_Verific::Array*, bool)+0xa4) [0x7e89cf2bef14]
/opt/Xilinx/Vivado/2019.1/lib/lnx64.o/librdi_synth.so(ElabSvlgScope::createConditionalStatement(Oasys_Verific::VeriExpression*, ElabSvlgCtxt const&, UConst*, int, UHashMapList<ElabSvlgDecl*, UList<ElabSvlgCondValue*, UListNode<ElabSvlgCondValue*>, ElabSvlgCondValue*, UEValue<ElabSvlgCondValue*, UListNode<ElabSvlgCondValue*> > >*, ElabSvlgDecl*, UEKey<ElabSvlgDecl*> >&, Oasys_Verific::Array*, bool, ElabSvlgEventType)+0x8b) [0x7e89cf2c631b]
/opt/Xilinx/Vivado/2019.1/lib/lnx64.o/librdi_synth.so(ElabSvlgScope::createConditionalStatement(Oasys_Verific::VeriExpression*, ElabSvlgCtxt const&, UConst*, int, UHashMapList<ElabSvlgDecl*, UList<ElabSvlgCondValue*, UListNode<ElabSvlgCondValue*>, ElabSvlgCondValue*, UEValue<ElabSvlgCondValue*, UListNode<ElabSvlgCondValue*> > >*, ElabSvlgDecl*, UEKey<ElabSvlgDecl*> >&, Oasys_Verific::VeriStatement*, bool, ElabSvlgEventType)+0x79) [0x7e89cf2c6669]
/opt/Xilinx/Vivado/2019.1/lib/lnx64.o/librdi_synth.so(ElabSvlgScope::statement(Oasys_Verific::VeriCaseStatement*)+0x1e13) [0x7e89cf2c95f3]
/opt/Xilinx/Vivado/2019.1/lib/lnx64.o/librdi_synth.so(ElabSvlgScope::vstatement(Oasys_Verific::VeriStatement*)+0xc3) [0x7e89cef57233]
/opt/Xilinx/Vivado/2019.1/lib/lnx64.o/librdi_synth.so(ElabSvlgScope::statements(Oasys_Verific::Array*)+0x6e) [0x7e89cef5775e]
/opt/Xilinx/Vivado/2019.1/lib/lnx64.o/librdi_synth.so(ElabSvlgBlock::ElabSvlgBlock(ElabSvlgScope*, Oasys_Verific::VeriSeqBlock*, bool)+0x6b) [0x7e89cf2bf2cb]
/opt/Xilinx/Vivado/2019.1/lib/lnx64.o/librdi_synth.so(ElabSvlgScope::statement(Oasys_Verific::VeriSeqBlock*)+0x18) [0x7e89cef570c8]
/opt/Xilinx/Vivado/2019.1/lib/lnx64.o/librdi_synth.so(ElabSvlgScope::vstatement(Oasys_Verific::VeriStatement*)+0xd3) [0x7e89cef57243]
/opt/Xilinx/Vivado/2019.1/lib/lnx64.o/librdi_synth.so(ElabSvlgScope::statements(Oasys_Verific::Array*)+0x6e) [0x7e89cef5775e]
/opt/Xilinx/Vivado/2019.1/lib/lnx64.o/librdi_synth.so(ElabSvlgBlock::ElabSvlgBlock(ElabSvlgScope*, Oasys_Verific::Array*, bool)+0x7b) [0x7e89cf2beeeb]
/opt/Xilinx/Vivado/2019.1/lib/lnx64.o/librdi_synth.so(ElabSvlgAlways::ElabSvlgAlways(ElabSvlgScope*, Oasys_Verific::VeriModuleItem*)+0x24b) [0x7e89cf2adefb]
/opt/Xilinx/Vivado/2019.1/lib/lnx64.o/librdi_synth.so(+0x1745da6) [0x7e89cef45da6]
/opt/Xilinx/Vivado/2019.1/lib/lnx64.o/librdi_synth.so(ElabSvlgModGen::createModGenItems(Oasys_Verific::Array*, bool, bool)+0x867) [0x7e89cef46667]
/opt/Xilinx/Vivado/2019.1/lib/lnx64.o/librdi_synth.so(ElabSvlgMod::createModuleItems(UList<ElabNamedUConst*, UListNode<ElabNamedUConst*>, ElabNamedUConst*, UEValue<ElabNamedUConst*, UListNode<ElabNamedUConst*> > >*, UHashMapList<UString, ElabSvlgIntfExpr*, UString, UEKey<UString> >*, bool)+0x2b0) [0x7e89cef31850]
/opt/Xilinx/Vivado/2019.1/lib/lnx64.o/librdi_synth.so(ElabSvlgMod::elaborateBody(UList<ElabNamedUConst*, UListNode<ElabNamedUConst*>, ElabNamedUConst*, UEValue<ElabNamedUConst*, UListNode<ElabNamedUConst*> > >*, UHashMapList<UString, ElabSvlgIntfExpr*, UString, UEKey<UString> >*, bool)+0x3b0) [0x7e89cef31d80]
/opt/Xilinx/Vivado/2019.1/lib/lnx64.o/librdi_synth.so(ElabSvlgMod::elaborate(UList<ElabNamedUConst*, UListNode<ElabNamedUConst*>, ElabNamedUConst*, UEValue<ElabNamedUConst*, UListNode<ElabNamedUConst*> > >*, UHashMapList<UString, ElabSvlgIntfExpr*, UString, UEKey<UString> >*)+0x12b1) [0x7e89cef33341]
/opt/Xilinx/Vivado/2019.1/lib/lnx64.o/librdi_synth.so(ElabSvlgModGen::modInst(Oasys_Verific::VeriInstId*)+0x1705) [0x7e89cef13275]
/opt/Xilinx/Vivado/2019.1/lib/lnx64.o/librdi_synth.so(ElabSvlgModGen::createModInsts(Oasys_Verific::VeriModuleInstantiation*)+0x45) [0x7e89cef36bb5]
/opt/Xilinx/Vivado/2019.1/lib/lnx64.o/librdi_synth.so(ElabSvlgModGen::createModGenItems(Oasys_Verific::Array*, bool, bool)+0x83c) [0x7e89cef4663c]
/opt/Xilinx/Vivado/2019.1/lib/lnx64.o/librdi_synth.so(ElabSvlgMod::createModuleItems(UList<ElabNamedUConst*, UListNode<ElabNamedUConst*>, ElabNamedUConst*, UEValue<ElabNamedUConst*, UListNode<ElabNamedUConst*> > >*, UHashMapList<UString, ElabSvlgIntfExpr*, UString, UEKey<UString> >*, bool)+0x2b0) [0x7e89cef31850]
/opt/Xilinx/Vivado/2019.1/lib/lnx64.o/librdi_synth.so(ElabSvlgMod::elaborateBody(UList<ElabNamedUConst*, UListNode<ElabNamedUConst*>, ElabNamedUConst*, UEValue<ElabNamedUConst*, UListNode<ElabNamedUConst*> > >*, UHashMapList<UString, ElabSvlgIntfExpr*, UString, UEKey<UString> >*, bool)+0x3b0) [0x7e89cef31d80]
/opt/Xilinx/Vivado/2019.1/lib/lnx64.o/librdi_synth.so(ElabSvlgMod::elaborate(UList<ElabNamedUConst*, UListNode<ElabNamedUConst*>, ElabNamedUConst*, UEValue<ElabNamedUConst*, UListNode<ElabNamedUConst*> > >*, UHashMapList<UString, ElabSvlgIntfExpr*, UString, UEKey<UString> >*)+0x12b1) [0x7e89cef33341]
/opt/Xilinx/Vivado/2019.1/lib/lnx64.o/librdi_synth.so(ElabSvlgModGen::modInst(Oasys_Verific::VeriInstId*)+0x1705) [0x7e89cef13275]
/opt/Xilinx/Vivado/2019.1/lib/lnx64.o/librdi_synth.so(ElabSvlgModGen::createModInsts(Oasys_Verific::VeriModuleInstantiation*)+0x45) [0x7e89cef36bb5]
/opt/Xilinx/Vivado/2019.1/lib/lnx64.o/librdi_synth.so(ElabSvlgModGen::createModGenItems(Oasys_Verific::Array*, bool, bool)+0x83c) [0x7e89cef4663c]
/opt/Xilinx/Vivado/2019.1/lib/lnx64.o/librdi_synth.so(ElabSvlgMod::createModuleItems(UList<ElabNamedUConst*, UListNode<ElabNamedUConst*>, ElabNamedUConst*, UEValue<ElabNamedUConst*, UListNode<ElabNamedUConst*> > >*, UHashMapList<UString, ElabSvlgIntfExpr*, UString, UEKey<UString> >*, bool)+0x2b0) [0x7e89cef31850]
/opt/Xilinx/Vivado/2019.1/lib/lnx64.o/librdi_synth.so(ElabSvlgMod::elaborateBody(UList<ElabNamedUConst*, UListNode<ElabNamedUConst*>, ElabNamedUConst*, UEValue<ElabNamedUConst*, UListNode<ElabNamedUConst*> > >*, UHashMapList<UString, ElabSvlgIntfExpr*, UString, UEKey<UString> >*, bool)+0x3b0) [0x7e89cef31d80]
/opt/Xilinx/Vivado/2019.1/lib/lnx64.o/librdi_synth.so(ElabSvlgMod::elaborate(UList<ElabNamedUConst*, UListNode<ElabNamedUConst*>, ElabNamedUConst*, UEValue<ElabNamedUConst*, UListNode<ElabNamedUConst*> > >*, UHashMapList<UString, ElabSvlgIntfExpr*, UString, UEKey<UString> >*)+0x12b1) [0x7e89cef33341]
/opt/Xilinx/Vivado/2019.1/lib/lnx64.o/librdi_synth.so(ElabModulePool::elaborate(ElabModule*, UList<ElabNamedUConst*, UListNode<ElabNamedUConst*>, ElabNamedUConst*, UEValue<ElabNamedUConst*, UListNode<ElabNamedUConst*> > >*, UTrace const&, DFGraph*&, ElabPdInst*)+0x1132) [0x7e89ceef1292]
/opt/Xilinx/Vivado/2019.1/lib/lnx64.o/librdi_synth.so(ElabModulePool::elaborate(ElabModule*, UList<ElabNamedUConst*, UListNode<ElabNamedUConst*>, ElabNamedUConst*, UEValue<ElabNamedUConst*, UListNode<ElabNamedUConst*> > >*, UTrace const&)+0x4b) [0x7e89ceef180b]
/opt/Xilinx/Vivado/2019.1/lib/lnx64.o/librdi_synth.so(HDb::elaborate(UString const&, char const*)+0x7c4) [0x7e89ceee43a4]
/opt/Xilinx/Vivado/2019.1/lib/lnx64.o/librdi_synth.so(HDb::synthesize(UString const&, bool, bool, char const*)+0xa6) [0x7e89ceee5466]
/opt/Xilinx/Vivado/2019.1/lib/lnx64.o/librdi_synth.so(NDb::synthesize(UString const&, bool, bool, char const*)+0xb2) [0x7e89ceee5612]
/opt/Xilinx/Vivado/2019.1/lib/lnx64.o/librdi_synth.so(HARTNDb::elaborate(UString const&, bool, bool, char const*)+0x84) [0x7e89ce3bc2f4]
/opt/Xilinx/Vivado/2019.1/lib/lnx64.o/librdi_synth.so(HARTNDb::synthesize(UString const&, bool, bool, char const*)+0x42a) [0x7e89ce3e831a]
/opt/Xilinx/Vivado/2019.1/lib/lnx64.o/librdi_synth.so(+0xdd0ed9) [0x7e89ce5d0ed9]
/opt/Xilinx/Vivado/2019.1/lib/lnx64.o/librdi_synth.so(+0xdd10d0) [0x7e89ce5d10d0]
/opt/Xilinx/Vivado/2019.1/lib/lnx64.o/librdi_synth.so(+0xcaf7fd) [0x7e89ce4af7fd]
/opt/Xilinx/Vivado/2019.1/lib/lnx64.o/libtcl8.5.so(+0x334af) [0x7e8a118334af]
/opt/Xilinx/Vivado/2019.1/lib/lnx64.o/libtcl8.5.so(+0x76875) [0x7e8a11876875]
/opt/Xilinx/Vivado/2019.1/lib/lnx64.o/libtcl8.5.so(TclObjInterpProcCore+0x420) [0x7e8a118b7df0]
/opt/Xilinx/Vivado/2019.1/lib/lnx64.o/libtcl8.5.so(+0x334af) [0x7e8a118334af]
/opt/Xilinx/Vivado/2019.1/lib/lnx64.o/libtcl8.5.so(+0x34b38) [0x7e8a11834b38]
/opt/Xilinx/Vivado/2019.1/lib/lnx64.o/libtcl8.5.so(Tcl_EvalEx+0x13) [0x7e8a118350a3]
/opt/Xilinx/Vivado/2019.1/lib/lnx64.o/libtcl8.5.so(TclEvalObjEx+0x1e0) [0x7e8a118352c0]
/opt/Xilinx/Vivado/2019.1/lib/lnx64.o/libtcl8.5.so(+0x3b375) [0x7e8a1183b375]
/opt/Xilinx/Vivado/2019.1/lib/lnx64.o/libtcl8.5.so(+0x334af) [0x7e8a118334af]
/opt/Xilinx/Vivado/2019.1/lib/lnx64.o/libtcl8.5.so(+0x76875) [0x7e8a11876875]
/opt/Xilinx/Vivado/2019.1/lib/lnx64.o/libtcl8.5.so(+0x7e029) [0x7e8a1187e029]
/opt/Xilinx/Vivado/2019.1/lib/lnx64.o/libtcl8.5.so(TclEvalObjEx+0x76) [0x7e8a11835156]
/opt/Xilinx/Vivado/2019.1/lib/lnx64.o/librdi_commontasks.so(+0x1ebc27) [0x7e8a0a1ebc27]
/opt/Xilinx/Vivado/2019.1/lib/lnx64.o/libtcl8.5.so(+0x334af) [0x7e8a118334af]
/opt/Xilinx/Vivado/2019.1/lib/lnx64.o/libtcl8.5.so(+0x76875) [0x7e8a11876875]
/opt/Xilinx/Vivado/2019.1/lib/lnx64.o/libtcl8.5.so(TclObjInterpProcCore+0x420) [0x7e8a118b7df0]
/opt/Xilinx/Vivado/2019.1/lib/lnx64.o/libtcl8.5.so(+0x334af) [0x7e8a118334af]
/opt/Xilinx/Vivado/2019.1/lib/lnx64.o/libtcl8.5.so(+0x76875) [0x7e8a11876875]
/opt/Xilinx/Vivado/2019.1/lib/lnx64.o/libtcl8.5.so(+0x7e029) [0x7e8a1187e029]
/opt/Xilinx/Vivado/2019.1/lib/lnx64.o/libtcl8.5.so(TclEvalObjEx+0x76) [0x7e8a11835156]
/opt/Xilinx/Vivado/2019.1/lib/lnx64.o/libtcl8.5.so(+0xb7557) [0x7e8a118b7557]
/opt/Xilinx/Vivado/2019.1/lib/lnx64.o/libtcl8.5.so(+0x334af) [0x7e8a118334af]
/opt/Xilinx/Vivado/2019.1/lib/lnx64.o/libtcl8.5.so(+0x76875) [0x7e8a11876875]
/opt/Xilinx/Vivado/2019.1/lib/lnx64.o/libtcl8.5.so(+0x7e029) [0x7e8a1187e029]
/opt/Xilinx/Vivado/2019.1/lib/lnx64.o/libtcl8.5.so(TclEvalObjEx+0x76) [0x7e8a11835156]
/opt/Xilinx/Vivado/2019.1/lib/lnx64.o/librdi_commontasks.so(+0x1ebcc4) [0x7e8a0a1ebcc4]
/opt/Xilinx/Vivado/2019.1/lib/lnx64.o/libtcl8.5.so(+0x334af) [0x7e8a118334af]
/opt/Xilinx/Vivado/2019.1/lib/lnx64.o/libtcl8.5.so(+0x34b38) [0x7e8a11834b38]
/opt/Xilinx/Vivado/2019.1/lib/lnx64.o/libtcl8.5.so(+0xad486) [0x7e8a118ad486]
/opt/Xilinx/Vivado/2019.1/lib/lnx64.o/libtcl8.5.so(+0x346c5) [0x7e8a118346c5]
/opt/Xilinx/Vivado/2019.1/lib/lnx64.o/libtcl8.5.so(Tcl_EvalEx+0x13) [0x7e8a118350a3]
/opt/Xilinx/Vivado/2019.1/lib/lnx64.o/libtcl8.5.so(Tcl_FSEvalFileEx+0x1da) [0x7e8a11899c5a]
/opt/Xilinx/Vivado/2019.1/lib/lnx64.o/librdi_commontasks.so(+0x208e5d) [0x7e8a0a208e5d]
/opt/Xilinx/Vivado/2019.1/lib/lnx64.o/librdi_common.so(+0x8068e2) [0x7e8a1b8068e2]
/opt/Xilinx/Vivado/2019.1/lib/lnx64.o/libtcl8.5.so(+0x334af) [0x7e8a118334af]
/opt/Xilinx/Vivado/2019.1/lib/lnx64.o/libtcl8.5.so(Tcl_EvalObjv+0x32) [0x7e8a118335e2]
/opt/Xilinx/Vivado/2019.1/lib/lnx64.o/libtcl8.5.so(TclEvalObjEx+0x322) [0x7e8a11835402]
/opt/Xilinx/Vivado/2019.1/lib/lnx64.o/librdi_common.so(hdi::tcltasks::task_manager::eval_in_tcl(Tcl_Interp*, Tcl_Obj*, char const*, bool)+0xab9) [0x7e8a1b808719]
/opt/Xilinx/Vivado/2019.1/lib/lnx64.o/librdi_designutils.so(HRTInvoker::inProcessLaunch(HDGUIStatus&)+0x457) [0x7e89fb808f07]
/opt/Xilinx/Vivado/2019.1/lib/lnx64.o/librdi_designutils.so(HRTInvoker::launch(HDGUIStatus&)+0x535) [0x7e89fb809bf5]
/opt/Xilinx/Vivado/2019.1/lib/lnx64.o/librdi_project.so(HAPRProjUtils::openRodinElabNetlist(HAPRProject*, HAPRDesignSpec const&, HDARPart const*, HDGUIStatus&)+0x56a) [0x7e89dc79c8aa]
/opt/Xilinx/Vivado/2019.1/lib/lnx64.o/librdi_project.so(HAPRDesign::openNetlist_(HDGUIStatus&)+0x315) [0x7e89dc70eb85]
/opt/Xilinx/Vivado/2019.1/lib/lnx64.o/librdi_project.so(HAPRDesign::openAndProcessNetlist_(HDGUIStatus&, bool, bool&)+0x190) [0x7e89dc713540]
/opt/Xilinx/Vivado/2019.1/lib/lnx64.o/librdi_project.so(HAPRDesign::refreshDesign(HDGUIStatus&)+0x278) [0x7e89dc714758]
/opt/Xilinx/Vivado/2019.1/lib/lnx64.o/librdi_project.so(HAPRDesign::openAsSpec(HAPRDesignSpec const&, HDGUIStatus&)+0x2e) [0x7e89dc71555e]
/opt/Xilinx/Vivado/2019.1/lib/lnx64.o/librdi_project.so(HAPRProject::openDesign_(HAPRDesignSpec const&, HDGUIStatus&)+0x7b) [0x7e89dc7d347b]
/opt/Xilinx/Vivado/2019.1/lib/lnx64.o/librdi_project.so(HAPRProject::elaborate(HDARPart const*, HADAFileSet*, HADAFileSet*, std::__cxx11::basic_string<char, std::char_traits<char>, std::allocator<char> > const&, bool, std::__cxx11::basic_string<char, std::char_traits<char>, std::allocator<char> > const&, bool, bool, int, bool, bool, bool, bool, bool, HDGUIStatus&)+0x173) [0x7e89dc7d3eb3]
/opt/Xilinx/Vivado/2019.1/lib/lnx64.o/librdi_vivadotasks.so(+0x550620) [0x7e89c2d50620]
/opt/Xilinx/Vivado/2019.1/lib/lnx64.o/librdi_vivadotasks.so(+0x557095) [0x7e89c2d57095]
/opt/Xilinx/Vivado/2019.1/lib/lnx64.o/librdi_common.so(+0x8068e2) [0x7e8a1b8068e2]
/opt/Xilinx/Vivado/2019.1/lib/lnx64.o/libtcl8.5.so(+0x334af) [0x7e8a118334af]
/opt/Xilinx/Vivado/2019.1/lib/lnx64.o/libtcl8.5.so(+0x34b38) [0x7e8a11834b38]
/opt/Xilinx/Vivado/2019.1/lib/lnx64.o/libtcl8.5.so(Tcl_EvalEx+0x13) [0x7e8a118350a3]
/opt/Xilinx/Vivado/2019.1/lib/lnx64.o/libtcl8.5.so(Tcl_FSEvalFileEx+0x1da) [0x7e8a11899c5a]
/opt/Xilinx/Vivado/2019.1/lib/lnx64.o/librdi_commontasks.so(+0x208e5d) [0x7e8a0a208e5d]
/opt/Xilinx/Vivado/2019.1/lib/lnx64.o/librdi_common.so(+0x8068e2) [0x7e8a1b8068e2]
/opt/Xilinx/Vivado/2019.1/lib/lnx64.o/libtcl8.5.so(+0x334af) [0x7e8a118334af]
/opt/Xilinx/Vivado/2019.1/lib/lnx64.o/libtcl8.5.so(Tcl_EvalObjv+0x32) [0x7e8a118335e2]
/opt/Xilinx/Vivado/2019.1/lib/lnx64.o/libtcl8.5.so(TclEvalObjEx+0x322) [0x7e8a11835402]
/opt/Xilinx/Vivado/2019.1/lib/lnx64.o/librdi_commontasks.so(+0x23ab2f) [0x7e8a0a23ab2f]
/opt/Xilinx/Vivado/2019.1/lib/lnx64.o/librdi_commontasks.so(+0x23c1fe) [0x7e8a0a23c1fe]
/opt/Xilinx/Vivado/2019.1/lib/lnx64.o/librdi_common.so(+0x8068e2) [0x7e8a1b8068e2]
/opt/Xilinx/Vivado/2019.1/lib/lnx64.o/libtcl8.5.so(+0x334af) [0x7e8a118334af]
/opt/Xilinx/Vivado/2019.1/lib/lnx64.o/libtcl8.5.so(Tcl_EvalObjv+0x32) [0x7e8a118335e2]
/opt/Xilinx/Vivado/2019.1/lib/lnx64.o/libtcl8.5.so(TclEvalObjEx+0x322) [0x7e8a11835402]
/opt/Xilinx/Vivado/2019.1/lib/lnx64.o/librdi_commonmain.so(+0x7424) [0x7e8a1aa07424]
/opt/Xilinx/Vivado/2019.1/lib/lnx64.o/libtcl8.5.so(Tcl_Main+0x1d0) [0x7e8a118a0210]
/opt/Xilinx/Vivado/2019.1/lib/lnx64.o/librdi_common.so(+0x84ac9b) [0x7e8a1b84ac9b]
/lib/x86_64-linux-gnu/libc.so.6(+0x94ac3) [0x7e8a19a94ac3]
/lib/x86_64-linux-gnu/libc.so.6(+0x126850) [0x7e8a19b26850]
