#
# An unexpected error has occurred (11)
#
Stack:
/lib/x86_64-linux-gnu/libc.so.6(+0x42520) [0x71e842242520]
/opt/Xilinx/Vivado/2023.2/lib/lnx64.o/librdi_synth.so(ElabSvlgScope::createMethodCall(Oasys_Verific::VeriName*, int, ElabSvlgCtxt const&, Oasys_Verific::Array*)+0x3dc) [0x71e80b8eb8dc]
/opt/Xilinx/Vivado/2023.2/lib/lnx64.o/librdi_synth.so(ElabSvlgScope::createExpr(Oasys_Verific::VeriFunctionCall*, ElabSvlgCtxt const&)+0xea) [0x71e80b8ed82a]
/opt/Xilinx/Vivado/2023.2/lib/lnx64.o/librdi_synth.so(ElabSvlgScope::vcreateExpr(Oasys_Verific::VeriExpression*, ElabSvlgCtxt const&, UAggType*)+0x4ee) [0x71e80b8e251e]
/opt/Xilinx/Vivado/2023.2/lib/lnx64.o/librdi_synth.so(ElabSvlgScope::vassign(Oasys_Verific::VeriExpression*, Oasys_Verific::VeriExpression*)+0x1a9) [0x71e80b8a6019]
/opt/Xilinx/Vivado/2023.2/lib/lnx64.o/librdi_synth.so(ElabSvlgScope::vassign(Oasys_Verific::VeriTreeNode*)+0x6b) [0x71e80b8a6e2b]
/opt/Xilinx/Vivado/2023.2/lib/lnx64.o/librdi_synth.so(ElabSvlgScope::vstatement(Oasys_Verific::VeriStatement*)+0x11b) [0x71e80b44cabb]
/opt/Xilinx/Vivado/2023.2/lib/lnx64.o/librdi_synth.so(ElabSvlgScope::statements(Oasys_Verific::Array*)+0x6f) [0x71e80b44d11f]
/opt/Xilinx/Vivado/2023.2/lib/lnx64.o/librdi_synth.so(ElabSvlgBlock::ElabSvlgBlock(ElabSvlgScope*, Oasys_Verific::VeriSeqBlock*, bool)+0x6b) [0x71e80b8aa8cb]
/opt/Xilinx/Vivado/2023.2/lib/lnx64.o/librdi_synth.so(ElabSvlgScope::statement(Oasys_Verific::VeriSeqBlock*)+0x1b) [0x71e80b44c90b]
/opt/Xilinx/Vivado/2023.2/lib/lnx64.o/librdi_synth.so(ElabSvlgScope::vstatement(Oasys_Verific::VeriStatement*)+0x17b) [0x71e80b44cb1b]
/opt/Xilinx/Vivado/2023.2/lib/lnx64.o/librdi_synth.so(ElabSvlgScope::statements(Oasys_Verific::Array*)+0x6f) [0x71e80b44d11f]
/opt/Xilinx/Vivado/2023.2/lib/lnx64.o/librdi_synth.so(ElabSvlgBlock::ElabSvlgBlock(ElabSvlgScope*, Oasys_Verific::Array*, bool)+0x94) [0x71e80b8aa474]
/opt/Xilinx/Vivado/2023.2/lib/lnx64.o/librdi_synth.so(ElabSvlgScope::createConditionalStatement(Oasys_Verific::VeriExpression*, ElabSvlgCtxt const&, UConst*, int, UHashMapList<ElabSvlgDecl*, UList<ElabSvlgCondValue*, UListNode<ElabSvlgCondValue*>, ElabSvlgCondValue*, UEValue<ElabSvlgCondValue*, UListNode<ElabSvlgCondValue*> > >*, ElabSvlgDecl*, UEKey<ElabSvlgDecl*> >&, Oasys_Verific::Array*, bool, ElabSvlgEventType)+0x88) [0x71e80b8b3338]
/opt/Xilinx/Vivado/2023.2/lib/lnx64.o/librdi_synth.so(ElabSvlgScope::createConditionalStatement(Oasys_Verific::VeriExpression*, ElabSvlgCtxt const&, UConst*, int, UHashMapList<ElabSvlgDecl*, UList<ElabSvlgCondValue*, UListNode<ElabSvlgCondValue*>, ElabSvlgCondValue*, UEValue<ElabSvlgCondValue*, UListNode<ElabSvlgCondValue*> > >*, ElabSvlgDecl*, UEKey<ElabSvlgDecl*> >&, Oasys_Verific::VeriStatement*, bool, ElabSvlgEventType)+0x79) [0x71e80b8b3689]
/opt/Xilinx/Vivado/2023.2/lib/lnx64.o/librdi_synth.so(ElabSvlgScope::statement(Oasys_Verific::VeriCaseStatement*)+0x243f) [0x71e80b8b77cf]
/opt/Xilinx/Vivado/2023.2/lib/lnx64.o/librdi_synth.so(ElabSvlgScope::vstatement(Oasys_Verific::VeriStatement*)+0x18b) [0x71e80b44cb2b]
/opt/Xilinx/Vivado/2023.2/lib/lnx64.o/librdi_synth.so(ElabSvlgScope::statements(Oasys_Verific::Array*)+0x6f) [0x71e80b44d11f]
/opt/Xilinx/Vivado/2023.2/lib/lnx64.o/librdi_synth.so(ElabSvlgBlock::createBlockItems(Oasys_Verific::Array*, Oasys_Verific::Array*, Oasys_Verific::VeriIdDef*)+0x279) [0x71e80b8aa719]
/opt/Xilinx/Vivado/2023.2/lib/lnx64.o/librdi_synth.so(ElabSvlgBlock::ElabSvlgBlock(ElabSvlgScope*, Oasys_Verific::VeriSeqBlock*, bool)+0x6b) [0x71e80b8aa8cb]
/opt/Xilinx/Vivado/2023.2/lib/lnx64.o/librdi_synth.so(ElabSvlgScope::statement(Oasys_Verific::VeriSeqBlock*)+0x1b) [0x71e80b44c90b]
/opt/Xilinx/Vivado/2023.2/lib/lnx64.o/librdi_synth.so(ElabSvlgScope::vstatement(Oasys_Verific::VeriStatement*)+0x17b) [0x71e80b44cb1b]
/opt/Xilinx/Vivado/2023.2/lib/lnx64.o/librdi_synth.so(ElabSvlgScope::statements(Oasys_Verific::Array*)+0x6f) [0x71e80b44d11f]
/opt/Xilinx/Vivado/2023.2/lib/lnx64.o/librdi_synth.so(ElabSvlgBlock::ElabSvlgBlock(ElabSvlgScope*, Oasys_Verific::Array*, bool)+0x94) [0x71e80b8aa474]
/opt/Xilinx/Vivado/2023.2/lib/lnx64.o/librdi_synth.so(ElabSvlgScope::createConditionalStatement(Oasys_Verific::VeriExpression*, ElabSvlgCtxt const&, UConst*, int, UHashMapList<ElabSvlgDecl*, UList<ElabSvlgCondValue*, UListNode<ElabSvlgCondValue*>, ElabSvlgCondValue*, UEValue<ElabSvlgCondValue*, UListNode<ElabSvlgCondValue*> > >*, ElabSvlgDecl*, UEKey<ElabSvlgDecl*> >&, Oasys_Verific::Array*, bool, ElabSvlgEventType)+0x88) [0x71e80b8b3338]
/opt/Xilinx/Vivado/2023.2/lib/lnx64.o/librdi_synth.so(ElabSvlgScope::createConditionalStatement(Oasys_Verific::VeriExpression*, ElabSvlgCtxt const&, UConst*, int, UHashMapList<ElabSvlgDecl*, UList<ElabSvlgCondValue*, UListNode<ElabSvlgCondValue*>, ElabSvlgCondValue*, UEValue<ElabSvlgCondValue*, UListNode<ElabSvlgCondValue*> > >*, ElabSvlgDecl*, UEKey<ElabSvlgDecl*> >&, Oasys_Verific::VeriStatement*, bool, ElabSvlgEventType)+0x79) [0x71e80b8b3689]
/opt/Xilinx/Vivado/2023.2/lib/lnx64.o/librdi_synth.so(ElabSvlgScope::statement(Oasys_Verific::VeriCaseStatement*)+0x243f) [0x71e80b8b77cf]
/opt/Xilinx/Vivado/2023.2/lib/lnx64.o/librdi_synth.so(ElabSvlgScope::vstatement(Oasys_Verific::VeriStatement*)+0x18b) [0x71e80b44cb2b]
/opt/Xilinx/Vivado/2023.2/lib/lnx64.o/librdi_synth.so(ElabSvlgScope::statements(Oasys_Verific::Array*)+0x6f) [0x71e80b44d11f]
/opt/Xilinx/Vivado/2023.2/lib/lnx64.o/librdi_synth.so(ElabSvlgBlock::createBlockItems(Oasys_Verific::Array*, Oasys_Verific::Array*, Oasys_Verific::VeriIdDef*)+0x212) [0x71e80b8aa6b2]
/opt/Xilinx/Vivado/2023.2/lib/lnx64.o/librdi_synth.so(ElabSvlgBlock::ElabSvlgBlock(ElabSvlgScope*, Oasys_Verific::VeriSeqBlock*, bool)+0x6b) [0x71e80b8aa8cb]
/opt/Xilinx/Vivado/2023.2/lib/lnx64.o/librdi_synth.so(ElabSvlgScope::statement(Oasys_Verific::VeriSeqBlock*)+0x1b) [0x71e80b44c90b]
/opt/Xilinx/Vivado/2023.2/lib/lnx64.o/librdi_synth.so(ElabSvlgScope::vstatement(Oasys_Verific::VeriStatement*)+0x17b) [0x71e80b44cb1b]
/opt/Xilinx/Vivado/2023.2/lib/lnx64.o/librdi_synth.so(ElabSvlgScope::statements(Oasys_Verific::Array*)+0x6f) [0x71e80b44d11f]
/opt/Xilinx/Vivado/2023.2/lib/lnx64.o/librdi_synth.so(ElabSvlgBlock::ElabSvlgBlock(ElabSvlgScope*, Oasys_Verific::Array*, bool)+0x94) [0x71e80b8aa474]
/opt/Xilinx/Vivado/2023.2/lib/lnx64.o/librdi_synth.so(ElabSvlgScope::createConditionalStatement(Oasys_Verific::VeriExpression*, ElabSvlgCtxt const&, UConst*, int, UHashMapList<ElabSvlgDecl*, UList<ElabSvlgCondValue*, UListNode<ElabSvlgCondValue*>, ElabSvlgCondValue*, UEValue<ElabSvlgCondValue*, UListNode<ElabSvlgCondValue*> > >*, ElabSvlgDecl*, UEKey<ElabSvlgDecl*> >&, Oasys_Verific::Array*, bool, ElabSvlgEventType)+0x88) [0x71e80b8b3338]
/opt/Xilinx/Vivado/2023.2/lib/lnx64.o/librdi_synth.so(ElabSvlgScope::createConditionalStatement(Oasys_Verific::VeriExpression*, ElabSvlgCtxt const&, UConst*, int, UHashMapList<ElabSvlgDecl*, UList<ElabSvlgCondValue*, UListNode<ElabSvlgCondValue*>, ElabSvlgCondValue*, UEValue<ElabSvlgCondValue*, UListNode<ElabSvlgCondValue*> > >*, ElabSvlgDecl*, UEKey<ElabSvlgDecl*> >&, Oasys_Verific::VeriStatement*, bool, ElabSvlgEventType)+0x79) [0x71e80b8b3689]
/opt/Xilinx/Vivado/2023.2/lib/lnx64.o/librdi_synth.so(ElabSvlgScope::statement(Oasys_Verific::VeriCaseStatement*)+0x243f) [0x71e80b8b77cf]
/opt/Xilinx/Vivado/2023.2/lib/lnx64.o/librdi_synth.so(ElabSvlgScope::vstatement(Oasys_Verific::VeriStatement*)+0x18b) [0x71e80b44cb2b]
/opt/Xilinx/Vivado/2023.2/lib/lnx64.o/librdi_synth.so(ElabSvlgScope::statements(Oasys_Verific::Array*)+0x6f) [0x71e80b44d11f]
/opt/Xilinx/Vivado/2023.2/lib/lnx64.o/librdi_synth.so(ElabSvlgBlock::ElabSvlgBlock(ElabSvlgScope*, Oasys_Verific::VeriSeqBlock*, bool)+0x6b) [0x71e80b8aa8cb]
/opt/Xilinx/Vivado/2023.2/lib/lnx64.o/librdi_synth.so(ElabSvlgScope::statement(Oasys_Verific::VeriSeqBlock*)+0x1b) [0x71e80b44c90b]
/opt/Xilinx/Vivado/2023.2/lib/lnx64.o/librdi_synth.so(ElabSvlgScope::vstatement(Oasys_Verific::VeriStatement*)+0x17b) [0x71e80b44cb1b]
/opt/Xilinx/Vivado/2023.2/lib/lnx64.o/librdi_synth.so(ElabSvlgScope::statements(Oasys_Verific::Array*)+0x6f) [0x71e80b44d11f]
/opt/Xilinx/Vivado/2023.2/lib/lnx64.o/librdi_synth.so(ElabSvlgBlock::ElabSvlgBlock(ElabSvlgScope*, Oasys_Verific::Array*, bool)+0x94) [0x71e80b8aa474]
/opt/Xilinx/Vivado/2023.2/lib/lnx64.o/librdi_synth.so(ElabSvlgScope::createConditionalStatement(Oasys_Verific::VeriExpression*, ElabSvlgCtxt const&, UConst*, int, UHashMapList<ElabSvlgDecl*, UList<ElabSvlgCondValue*, UListNode<ElabSvlgCondValue*>, ElabSvlgCondValue*, UEValue<ElabSvlgCondValue*, UListNode<ElabSvlgCondValue*> > >*, ElabSvlgDecl*, UEKey<ElabSvlgDecl*> >&, Oasys_Verific::Array*, bool, ElabSvlgEventType)+0x88) [0x71e80b8b3338]
/opt/Xilinx/Vivado/2023.2/lib/lnx64.o/librdi_synth.so(ElabSvlgScope::createConditionalStatement(Oasys_Verific::VeriExpression*, ElabSvlgCtxt const&, UConst*, int, UHashMapList<ElabSvlgDecl*, UList<ElabSvlgCondValue*, UListNode<ElabSvlgCondValue*>, ElabSvlgCondValue*, UEValue<ElabSvlgCondValue*, UListNode<ElabSvlgCondValue*> > >*, ElabSvlgDecl*, UEKey<ElabSvlgDecl*> >&, Oasys_Verific::VeriStatement*, bool, ElabSvlgEventType)+0x79) [0x71e80b8b3689]
/opt/Xilinx/Vivado/2023.2/lib/lnx64.o/librdi_synth.so(ElabSvlgScope::statement(Oasys_Verific::VeriConditionalStatement*)+0x624) [0x71e80b8b4864]
/opt/Xilinx/Vivado/2023.2/lib/lnx64.o/librdi_synth.so(ElabSvlgScope::vstatement(Oasys_Verific::VeriStatement*)+0x3ab) [0x71e80b44cd4b]
/opt/Xilinx/Vivado/2023.2/lib/lnx64.o/librdi_synth.so(ElabSvlgScope::statements(Oasys_Verific::Array*)+0x6f) [0x71e80b44d11f]
/opt/Xilinx/Vivado/2023.2/lib/lnx64.o/librdi_synth.so(ElabSvlgBlock::ElabSvlgBlock(ElabSvlgScope*, Oasys_Verific::VeriSeqBlock*, bool)+0x6b) [0x71e80b8aa8cb]
/opt/Xilinx/Vivado/2023.2/lib/lnx64.o/librdi_synth.so(ElabSvlgScope::statement(Oasys_Verific::VeriSeqBlock*)+0x1b) [0x71e80b44c90b]
/opt/Xilinx/Vivado/2023.2/lib/lnx64.o/librdi_synth.so(ElabSvlgScope::vstatement(Oasys_Verific::VeriStatement*)+0x17b) [0x71e80b44cb1b]
/opt/Xilinx/Vivado/2023.2/lib/lnx64.o/librdi_synth.so(ElabSvlgScope::statements(Oasys_Verific::Array*)+0x6f) [0x71e80b44d11f]
/opt/Xilinx/Vivado/2023.2/lib/lnx64.o/librdi_synth.so(ElabSvlgBlock::ElabSvlgBlock(ElabSvlgScope*, Oasys_Verific::Array*, bool)+0x94) [0x71e80b8aa474]
/opt/Xilinx/Vivado/2023.2/lib/lnx64.o/librdi_synth.so(ElabSvlgScope::createConditionalStatement(Oasys_Verific::VeriExpression*, ElabSvlgCtxt const&, UConst*, int, UHashMapList<ElabSvlgDecl*, UList<ElabSvlgCondValue*, UListNode<ElabSvlgCondValue*>, ElabSvlgCondValue*, UEValue<ElabSvlgCondValue*, UListNode<ElabSvlgCondValue*> > >*, ElabSvlgDecl*, UEKey<ElabSvlgDecl*> >&, Oasys_Verific::Array*, bool, ElabSvlgEventType)+0x88) [0x71e80b8b3338]
/opt/Xilinx/Vivado/2023.2/lib/lnx64.o/librdi_synth.so(ElabSvlgScope::createConditionalStatement(Oasys_Verific::VeriExpression*, ElabSvlgCtxt const&, UConst*, int, UHashMapList<ElabSvlgDecl*, UList<ElabSvlgCondValue*, UListNode<ElabSvlgCondValue*>, ElabSvlgCondValue*, UEValue<ElabSvlgCondValue*, UListNode<ElabSvlgCondValue*> > >*, ElabSvlgDecl*, UEKey<ElabSvlgDecl*> >&, Oasys_Verific::VeriStatement*, bool, ElabSvlgEventType)+0x79) [0x71e80b8b3689]
/opt/Xilinx/Vivado/2023.2/lib/lnx64.o/librdi_synth.so(ElabSvlgScope::statement(Oasys_Verific::VeriConditionalStatement*)+0x624) [0x71e80b8b4864]
/opt/Xilinx/Vivado/2023.2/lib/lnx64.o/librdi_synth.so(ElabSvlgScope::vstatement(Oasys_Verific::VeriStatement*)+0x3ab) [0x71e80b44cd4b]
/opt/Xilinx/Vivado/2023.2/lib/lnx64.o/librdi_synth.so(ElabSvlgScope::statements(Oasys_Verific::Array*)+0x6f) [0x71e80b44d11f]
/opt/Xilinx/Vivado/2023.2/lib/lnx64.o/librdi_synth.so(ElabSvlgBlock::createBlockItems(Oasys_Verific::Array*, Oasys_Verific::Array*, Oasys_Verific::VeriIdDef*)+0x279) [0x71e80b8aa719]
/opt/Xilinx/Vivado/2023.2/lib/lnx64.o/librdi_synth.so(ElabSvlgBlock::ElabSvlgBlock(ElabSvlgScope*, Oasys_Verific::VeriSeqBlock*, bool)+0x6b) [0x71e80b8aa8cb]
/opt/Xilinx/Vivado/2023.2/lib/lnx64.o/librdi_synth.so(ElabSvlgScope::statement(Oasys_Verific::VeriSeqBlock*)+0x1b) [0x71e80b44c90b]
/opt/Xilinx/Vivado/2023.2/lib/lnx64.o/librdi_synth.so(ElabSvlgScope::vstatement(Oasys_Verific::VeriStatement*)+0x17b) [0x71e80b44cb1b]
/opt/Xilinx/Vivado/2023.2/lib/lnx64.o/librdi_synth.so(ElabSvlgScope::statements(Oasys_Verific::Array*)+0x6f) [0x71e80b44d11f]
/opt/Xilinx/Vivado/2023.2/lib/lnx64.o/librdi_synth.so(ElabSvlgBlock::ElabSvlgBlock(ElabSvlgScope*, Oasys_Verific::Array*, bool)+0x94) [0x71e80b8aa474]
/opt/Xilinx/Vivado/2023.2/lib/lnx64.o/librdi_synth.so(ElabSvlgAlways::ElabSvlgAlways(ElabSvlgScope*, Oasys_Verific::VeriModuleItem*)+0x2fc) [0x71e80b897c2c]
/opt/Xilinx/Vivado/2023.2/lib/lnx64.o/librdi_synth.so(+0x20377d9) [0x71e80b4377d9]
/opt/Xilinx/Vivado/2023.2/lib/lnx64.o/librdi_synth.so(ElabSvlgModGen::createModGenItems(Oasys_Verific::Array*, bool, bool)+0x45d) [0x71e80b437c8d]
/opt/Xilinx/Vivado/2023.2/lib/lnx64.o/librdi_synth.so(ElabSvlgMod::createModuleItems(UList<ElabNamedUConst*, UListNode<ElabNamedUConst*>, ElabNamedUConst*, UEValue<ElabNamedUConst*, UListNode<ElabNamedUConst*> > >*, UHashMapList<UString, ElabSvlgIntfExpr*, UString, UEKey<UString> >*, bool)+0x506) [0x71e80b421546]
/opt/Xilinx/Vivado/2023.2/lib/lnx64.o/librdi_synth.so(ElabSvlgMod::elaborateBody(UList<ElabNamedUConst*, UListNode<ElabNamedUConst*>, ElabNamedUConst*, UEValue<ElabNamedUConst*, UListNode<ElabNamedUConst*> > >*, UHashMapList<UString, ElabSvlgIntfExpr*, UString, UEKey<UString> >*, bool)+0x31e) [0x71e80b421b3e]
/opt/Xilinx/Vivado/2023.2/lib/lnx64.o/librdi_synth.so(ElabSvlgMod::elaborate(bool, bool, UList<ElabNamedUConst*, UListNode<ElabNamedUConst*>, ElabNamedUConst*, UEValue<ElabNamedUConst*, UListNode<ElabNamedUConst*> > >*, UHashMapList<UString, ElabSvlgIntfExpr*, UString, UEKey<UString> >*)+0xf84) [0x71e80b422d54]
/opt/Xilinx/Vivado/2023.2/lib/lnx64.o/librdi_synth.so(ElabSvlgModGen::modInst(Oasys_Verific::VeriInstId*)+0x1736) [0x71e80b3fdec6]
/opt/Xilinx/Vivado/2023.2/lib/lnx64.o/librdi_synth.so(ElabSvlgModGen::createModInsts(Oasys_Verific::VeriModuleInstantiation*, bool)+0xd7) [0x71e80b4309a7]
/opt/Xilinx/Vivado/2023.2/lib/lnx64.o/librdi_synth.so(ElabSvlgModGen::createModGenItems(Oasys_Verific::Array*, bool, bool)+0x449) [0x71e80b437c79]
/opt/Xilinx/Vivado/2023.2/lib/lnx64.o/librdi_synth.so(ElabSvlgMod::createModuleItems(UList<ElabNamedUConst*, UListNode<ElabNamedUConst*>, ElabNamedUConst*, UEValue<ElabNamedUConst*, UListNode<ElabNamedUConst*> > >*, UHashMapList<UString, ElabSvlgIntfExpr*, UString, UEKey<UString> >*, bool)+0x506) [0x71e80b421546]
/opt/Xilinx/Vivado/2023.2/lib/lnx64.o/librdi_synth.so(ElabSvlgMod::elaborateBody(UList<ElabNamedUConst*, UListNode<ElabNamedUConst*>, ElabNamedUConst*, UEValue<ElabNamedUConst*, UListNode<ElabNamedUConst*> > >*, UHashMapList<UString, ElabSvlgIntfExpr*, UString, UEKey<UString> >*, bool)+0x31e) [0x71e80b421b3e]
/opt/Xilinx/Vivado/2023.2/lib/lnx64.o/librdi_synth.so(ElabSvlgMod::elaborate(bool, bool, UList<ElabNamedUConst*, UListNode<ElabNamedUConst*>, ElabNamedUConst*, UEValue<ElabNamedUConst*, UListNode<ElabNamedUConst*> > >*, UHashMapList<UString, ElabSvlgIntfExpr*, UString, UEKey<UString> >*)+0xf84) [0x71e80b422d54]
/opt/Xilinx/Vivado/2023.2/lib/lnx64.o/librdi_synth.so(ElabSvlgModGen::modInst(Oasys_Verific::VeriInstId*)+0x1736) [0x71e80b3fdec6]
/opt/Xilinx/Vivado/2023.2/lib/lnx64.o/librdi_synth.so(ElabSvlgModGen::createModInsts(Oasys_Verific::VeriModuleInstantiation*, bool)+0xd7) [0x71e80b4309a7]
/opt/Xilinx/Vivado/2023.2/lib/lnx64.o/librdi_synth.so(ElabSvlgModGen::createModGenItems(Oasys_Verific::Array*, bool, bool)+0x449) [0x71e80b437c79]
/opt/Xilinx/Vivado/2023.2/lib/lnx64.o/librdi_synth.so(ElabSvlgMod::createModuleItems(UList<ElabNamedUConst*, UListNode<ElabNamedUConst*>, ElabNamedUConst*, UEValue<ElabNamedUConst*, UListNode<ElabNamedUConst*> > >*, UHashMapList<UString, ElabSvlgIntfExpr*, UString, UEKey<UString> >*, bool)+0x506) [0x71e80b421546]
/opt/Xilinx/Vivado/2023.2/lib/lnx64.o/librdi_synth.so(ElabSvlgMod::elaborateBody(UList<ElabNamedUConst*, UListNode<ElabNamedUConst*>, ElabNamedUConst*, UEValue<ElabNamedUConst*, UListNode<ElabNamedUConst*> > >*, UHashMapList<UString, ElabSvlgIntfExpr*, UString, UEKey<UString> >*, bool)+0x31e) [0x71e80b421b3e]
/opt/Xilinx/Vivado/2023.2/lib/lnx64.o/librdi_synth.so(ElabSvlgMod::elaborate(bool, bool, UList<ElabNamedUConst*, UListNode<ElabNamedUConst*>, ElabNamedUConst*, UEValue<ElabNamedUConst*, UListNode<ElabNamedUConst*> > >*, UHashMapList<UString, ElabSvlgIntfExpr*, UString, UEKey<UString> >*)+0xf84) [0x71e80b422d54]
/opt/Xilinx/Vivado/2023.2/lib/lnx64.o/librdi_synth.so(ElabSvlgModGen::modInst(Oasys_Verific::VeriInstId*)+0x1736) [0x71e80b3fdec6]
/opt/Xilinx/Vivado/2023.2/lib/lnx64.o/librdi_synth.so(ElabSvlgModGen::createModInsts(Oasys_Verific::VeriModuleInstantiation*, bool)+0xd7) [0x71e80b4309a7]
/opt/Xilinx/Vivado/2023.2/lib/lnx64.o/librdi_synth.so(ElabSvlgModGen::createModGenItems(Oasys_Verific::Array*, bool, bool)+0x449) [0x71e80b437c79]
/opt/Xilinx/Vivado/2023.2/lib/lnx64.o/librdi_synth.so(ElabSvlgMod::createModuleItems(UList<ElabNamedUConst*, UListNode<ElabNamedUConst*>, ElabNamedUConst*, UEValue<ElabNamedUConst*, UListNode<ElabNamedUConst*> > >*, UHashMapList<UString, ElabSvlgIntfExpr*, UString, UEKey<UString> >*, bool)+0x506) [0x71e80b421546]
/opt/Xilinx/Vivado/2023.2/lib/lnx64.o/librdi_synth.so(ElabSvlgMod::elaborateBody(UList<ElabNamedUConst*, UListNode<ElabNamedUConst*>, ElabNamedUConst*, UEValue<ElabNamedUConst*, UListNode<ElabNamedUConst*> > >*, UHashMapList<UString, ElabSvlgIntfExpr*, UString, UEKey<UString> >*, bool)+0x31e) [0x71e80b421b3e]
/opt/Xilinx/Vivado/2023.2/lib/lnx64.o/librdi_synth.so(ElabSvlgMod::elaborate(bool, bool, UList<ElabNamedUConst*, UListNode<ElabNamedUConst*>, ElabNamedUConst*, UEValue<ElabNamedUConst*, UListNode<ElabNamedUConst*> > >*, UHashMapList<UString, ElabSvlgIntfExpr*, UString, UEKey<UString> >*)+0xf84) [0x71e80b422d54]
/opt/Xilinx/Vivado/2023.2/lib/lnx64.o/librdi_synth.so(ElabSvlgModGen::modInst(Oasys_Verific::VeriInstId*)+0x1736) [0x71e80b3fdec6]
/opt/Xilinx/Vivado/2023.2/lib/lnx64.o/librdi_synth.so(ElabSvlgModGen::createModInsts(Oasys_Verific::VeriModuleInstantiation*, bool)+0xd7) [0x71e80b4309a7]
/opt/Xilinx/Vivado/2023.2/lib/lnx64.o/librdi_synth.so(ElabSvlgModGen::createModGenItems(Oasys_Verific::Array*, bool, bool)+0x449) [0x71e80b437c79]
/opt/Xilinx/Vivado/2023.2/lib/lnx64.o/librdi_synth.so(ElabSvlgMod::createModuleItems(UList<ElabNamedUConst*, UListNode<ElabNamedUConst*>, ElabNamedUConst*, UEValue<ElabNamedUConst*, UListNode<ElabNamedUConst*> > >*, UHashMapList<UString, ElabSvlgIntfExpr*, UString, UEKey<UString> >*, bool)+0x506) [0x71e80b421546]
/opt/Xilinx/Vivado/2023.2/lib/lnx64.o/librdi_synth.so(ElabSvlgMod::elaborateBody(UList<ElabNamedUConst*, UListNode<ElabNamedUConst*>, ElabNamedUConst*, UEValue<ElabNamedUConst*, UListNode<ElabNamedUConst*> > >*, UHashMapList<UString, ElabSvlgIntfExpr*, UString, UEKey<UString> >*, bool)+0x31e) [0x71e80b421b3e]
/opt/Xilinx/Vivado/2023.2/lib/lnx64.o/librdi_synth.so(ElabSvlgMod::elaborate(bool, bool, UList<ElabNamedUConst*, UListNode<ElabNamedUConst*>, ElabNamedUConst*, UEValue<ElabNamedUConst*, UListNode<ElabNamedUConst*> > >*, UHashMapList<UString, ElabSvlgIntfExpr*, UString, UEKey<UString> >*)+0xf84) [0x71e80b422d54]
/opt/Xilinx/Vivado/2023.2/lib/lnx64.o/librdi_synth.so(ElabModulePool::elaborate(ElabModule*, UList<ElabNamedUConst*, UListNode<ElabNamedUConst*>, ElabNamedUConst*, UEValue<ElabNamedUConst*, UListNode<ElabNamedUConst*> > >*, UTrace const&, DFGraph*&, ElabPdInst*, bool, bool, ElabScope*, UString, Oasys_Verific::VeriConfiguration*)+0xc5f) [0x71e80b3d9fbf]
/opt/Xilinx/Vivado/2023.2/lib/lnx64.o/librdi_synth.so(ElabModulePool::elaborate(ElabModule*, UList<ElabNamedUConst*, UListNode<ElabNamedUConst*>, ElabNamedUConst*, UEValue<ElabNamedUConst*, UListNode<ElabNamedUConst*> > >*, UTrace const&)+0x68) [0x71e80b3dab58]
/opt/Xilinx/Vivado/2023.2/lib/lnx64.o/librdi_synth.so(HDb::elaborate(UString const&, char const*)+0x7c3) [0x71e80b3c2033]
/opt/Xilinx/Vivado/2023.2/lib/lnx64.o/librdi_synth.so(HDb::synthesize(UString const&, bool, bool, char const*)+0xa8) [0x71e80b3c3368]
/opt/Xilinx/Vivado/2023.2/lib/lnx64.o/librdi_synth.so(NDb::synthesize(UString const&, bool, bool, char const*)+0xb3) [0x71e80b3c3583]
/opt/Xilinx/Vivado/2023.2/lib/lnx64.o/librdi_synth.so(HARTNDb::elaborate(UString const&, bool, bool, char const*)+0x105) [0x71e80a617c85]
/opt/Xilinx/Vivado/2023.2/lib/lnx64.o/librdi_synth.so(HARTNDb::synthesize(UString const&, bool, bool, char const*)+0x275) [0x71e80a6472e5]
/opt/Xilinx/Vivado/2023.2/lib/lnx64.o/librdi_synth.so(+0x13c91fb) [0x71e80a7c91fb]
/opt/Xilinx/Vivado/2023.2/lib/lnx64.o/librdi_synth.so(+0x13c93c3) [0x71e80a7c93c3]
/opt/Xilinx/Vivado/2023.2/lib/lnx64.o/librdi_synth.so(+0x1321b35) [0x71e80a721b35]
/opt/Xilinx/Vivado/2023.2/lib/lnx64.o/libtcl8.5.so(+0x3356f) [0x71e83ce3356f]
/opt/Xilinx/Vivado/2023.2/lib/lnx64.o/libtcl8.5.so(+0x76945) [0x71e83ce76945]
/opt/Xilinx/Vivado/2023.2/lib/lnx64.o/libtcl8.5.so(TclObjInterpProcCore+0x420) [0x71e83ceb7ed0]
/opt/Xilinx/Vivado/2023.2/lib/lnx64.o/libtcl8.5.so(+0x3356f) [0x71e83ce3356f]
/opt/Xilinx/Vivado/2023.2/lib/lnx64.o/libtcl8.5.so(+0x34bf8) [0x71e83ce34bf8]
/opt/Xilinx/Vivado/2023.2/lib/lnx64.o/libtcl8.5.so(Tcl_EvalEx+0x13) [0x71e83ce35163]
/opt/Xilinx/Vivado/2023.2/lib/lnx64.o/libtcl8.5.so(TclEvalObjEx+0x1e0) [0x71e83ce35380]
/opt/Xilinx/Vivado/2023.2/lib/lnx64.o/libtcl8.5.so(+0x3b445) [0x71e83ce3b445]
/opt/Xilinx/Vivado/2023.2/lib/lnx64.o/libtcl8.5.so(+0x3356f) [0x71e83ce3356f]
/opt/Xilinx/Vivado/2023.2/lib/lnx64.o/libtcl8.5.so(+0x76945) [0x71e83ce76945]
/opt/Xilinx/Vivado/2023.2/lib/lnx64.o/libtcl8.5.so(+0x7e0f9) [0x71e83ce7e0f9]
/opt/Xilinx/Vivado/2023.2/lib/lnx64.o/libtcl8.5.so(TclEvalObjEx+0x76) [0x71e83ce35216]
/opt/Xilinx/Vivado/2023.2/lib/lnx64.o/librdi_commontasks.so(+0x261fb1) [0x71e834a61fb1]
/opt/Xilinx/Vivado/2023.2/lib/lnx64.o/libtcl8.5.so(+0x3356f) [0x71e83ce3356f]
/opt/Xilinx/Vivado/2023.2/lib/lnx64.o/libtcl8.5.so(+0x76945) [0x71e83ce76945]
/opt/Xilinx/Vivado/2023.2/lib/lnx64.o/libtcl8.5.so(TclObjInterpProcCore+0x420) [0x71e83ceb7ed0]
/opt/Xilinx/Vivado/2023.2/lib/lnx64.o/libtcl8.5.so(+0x3356f) [0x71e83ce3356f]
/opt/Xilinx/Vivado/2023.2/lib/lnx64.o/libtcl8.5.so(+0x76945) [0x71e83ce76945]
/opt/Xilinx/Vivado/2023.2/lib/lnx64.o/libtcl8.5.so(+0x7e0f9) [0x71e83ce7e0f9]
/opt/Xilinx/Vivado/2023.2/lib/lnx64.o/libtcl8.5.so(TclEvalObjEx+0x76) [0x71e83ce35216]
/opt/Xilinx/Vivado/2023.2/lib/lnx64.o/libtcl8.5.so(+0xb7637) [0x71e83ceb7637]
/opt/Xilinx/Vivado/2023.2/lib/lnx64.o/libtcl8.5.so(+0x3356f) [0x71e83ce3356f]
/opt/Xilinx/Vivado/2023.2/lib/lnx64.o/libtcl8.5.so(+0x76945) [0x71e83ce76945]
/opt/Xilinx/Vivado/2023.2/lib/lnx64.o/libtcl8.5.so(+0x7e0f9) [0x71e83ce7e0f9]
/opt/Xilinx/Vivado/2023.2/lib/lnx64.o/libtcl8.5.so(TclEvalObjEx+0x76) [0x71e83ce35216]
/opt/Xilinx/Vivado/2023.2/lib/lnx64.o/librdi_commontasks.so(+0x261f0e) [0x71e834a61f0e]
/opt/Xilinx/Vivado/2023.2/lib/lnx64.o/libtcl8.5.so(+0x3356f) [0x71e83ce3356f]
/opt/Xilinx/Vivado/2023.2/lib/lnx64.o/libtcl8.5.so(+0x34bf8) [0x71e83ce34bf8]
/opt/Xilinx/Vivado/2023.2/lib/lnx64.o/libtcl8.5.so(+0xad566) [0x71e83cead566]
/opt/Xilinx/Vivado/2023.2/lib/lnx64.o/libtcl8.5.so(+0x34785) [0x71e83ce34785]
/opt/Xilinx/Vivado/2023.2/lib/lnx64.o/libtcl8.5.so(Tcl_EvalEx+0x13) [0x71e83ce35163]
/opt/Xilinx/Vivado/2023.2/lib/lnx64.o/libtcl8.5.so(Tcl_FSEvalFileEx+0x1da) [0x71e83ce99d2a]
/opt/Xilinx/Vivado/2023.2/lib/lnx64.o/librdi_commontasks.so(+0x27e220) [0x71e834a7e220]
/opt/Xilinx/Vivado/2023.2/lib/lnx64.o/librdi_common.so(+0xd7d9bf) [0x71e843d7d9bf]
/opt/Xilinx/Vivado/2023.2/lib/lnx64.o/libtcl8.5.so(+0x3356f) [0x71e83ce3356f]
/opt/Xilinx/Vivado/2023.2/lib/lnx64.o/libtcl8.5.so(Tcl_EvalObjv+0x32) [0x71e83ce336a2]
/opt/Xilinx/Vivado/2023.2/lib/lnx64.o/libtcl8.5.so(TclEvalObjEx+0x322) [0x71e83ce354c2]
/opt/Xilinx/Vivado/2023.2/lib/lnx64.o/librdi_common.so(hdi::tcltasks::task_manager::eval_in_tcl(Tcl_Interp*, Tcl_Obj*, char const*, bool)+0x74d) [0x71e843d7be1d]
/opt/Xilinx/Vivado/2023.2/lib/lnx64.o/librdi_designutils.so(HRTInvoker::inProcessLaunch(HDGUIStatus&)+0x310) [0x71e82a824380]
/opt/Xilinx/Vivado/2023.2/lib/lnx64.o/librdi_designutils.so(HRTInvoker::launch(HDGUIStatus&)+0x33) [0x71e82a824933]
/opt/Xilinx/Vivado/2023.2/lib/lnx64.o/librdi_project.so(HAPRProjUtils::openRodinElabNetlist(HAPRProject*, HAPRDesignSpec const&, HDARPart const*, HDGUIStatus&)+0x723) [0x71e81bb66c33]
/opt/Xilinx/Vivado/2023.2/lib/lnx64.o/librdi_project.so(HAPRDesign::openNetlist_(HDGUIStatus&)+0x567) [0x71e81ba7da77]
/opt/Xilinx/Vivado/2023.2/lib/lnx64.o/librdi_project.so(HAPRDesign::openAndProcessNetlist_(HDGUIStatus&, bool, bool&, std::map<std::__cxx11::basic_string<char, std::char_traits<char>, std::allocator<char> >, std::__cxx11::basic_string<char, std::char_traits<char>, std::allocator<char> >, std::less<std::__cxx11::basic_string<char, std::char_traits<char>, std::allocator<char> > >, std::allocator<std::pair<std::__cxx11::basic_string<char, std::char_traits<char>, std::allocator<char> > const, std::__cxx11::basic_string<char, std::char_traits<char>, std::allocator<char> > > > >&)+0x1b4) [0x71e81ba832e4]
/opt/Xilinx/Vivado/2023.2/lib/lnx64.o/librdi_project.so(HAPRDesign::refreshDesign(HDGUIStatus&)+0x39b) [0x71e81ba845bb]
/opt/Xilinx/Vivado/2023.2/lib/lnx64.o/librdi_project.so(HAPRDesign::openAsSpec(HAPRDesignSpec const&, HDGUIStatus&)+0x2e) [0x71e81ba8701e]
/opt/Xilinx/Vivado/2023.2/lib/lnx64.o/librdi_project.so(HAPRProject::openDesign_(HAPRDesignSpec const&, HDGUIStatus&)+0xee) [0x71e81bba5dde]
/opt/Xilinx/Vivado/2023.2/lib/lnx64.o/librdi_project.so(HAPRProject::elaborate(HDARPart const*, HADAFileSet*, HADAFileSet*, std::__cxx11::basic_string<char, std::char_traits<char>, std::allocator<char> > const&, bool, std::__cxx11::basic_string<char, std::char_traits<char>, std::allocator<char> > const&, bool, bool, int, bool, std::__cxx11::basic_string<char, std::char_traits<char>, std::allocator<char> > const&, bool, std::__cxx11::basic_string<char, std::char_traits<char>, std::allocator<char> >, bool, bool, bool, bool, int, bool, bool, bool, bool, HDGUIStatus&, bool)+0x27a) [0x71e81bba68da]
/opt/Xilinx/Vivado/2023.2/lib/lnx64.o/librdi_vivadotasks.so(+0x708a82) [0x71e803b08a82]
/opt/Xilinx/Vivado/2023.2/lib/lnx64.o/librdi_vivadotasks.so(+0x70b832) [0x71e803b0b832]
/opt/Xilinx/Vivado/2023.2/lib/lnx64.o/librdi_common.so(+0xd7d9bf) [0x71e843d7d9bf]
/opt/Xilinx/Vivado/2023.2/lib/lnx64.o/libtcl8.5.so(+0x3356f) [0x71e83ce3356f]
/opt/Xilinx/Vivado/2023.2/lib/lnx64.o/libtcl8.5.so(+0x34bf8) [0x71e83ce34bf8]
/opt/Xilinx/Vivado/2023.2/lib/lnx64.o/libtcl8.5.so(Tcl_EvalEx+0x13) [0x71e83ce35163]
/opt/Xilinx/Vivado/2023.2/lib/lnx64.o/libtcl8.5.so(Tcl_FSEvalFileEx+0x1da) [0x71e83ce99d2a]
/opt/Xilinx/Vivado/2023.2/lib/lnx64.o/librdi_commontasks.so(+0x27e220) [0x71e834a7e220]
/opt/Xilinx/Vivado/2023.2/lib/lnx64.o/librdi_common.so(+0xd7d9bf) [0x71e843d7d9bf]
/opt/Xilinx/Vivado/2023.2/lib/lnx64.o/libtcl8.5.so(+0x3356f) [0x71e83ce3356f]
/opt/Xilinx/Vivado/2023.2/lib/lnx64.o/libtcl8.5.so(Tcl_EvalObjv+0x32) [0x71e83ce336a2]
/opt/Xilinx/Vivado/2023.2/lib/lnx64.o/libtcl8.5.so(TclEvalObjEx+0x322) [0x71e83ce354c2]
/opt/Xilinx/Vivado/2023.2/lib/lnx64.o/librdi_commontasks.so(+0x2c5b6d) [0x71e834ac5b6d]
/opt/Xilinx/Vivado/2023.2/lib/lnx64.o/librdi_commontasks.so(+0x2c717f) [0x71e834ac717f]
/opt/Xilinx/Vivado/2023.2/lib/lnx64.o/librdi_common.so(+0xd7d9bf) [0x71e843d7d9bf]
/opt/Xilinx/Vivado/2023.2/lib/lnx64.o/libtcl8.5.so(+0x3356f) [0x71e83ce3356f]
/opt/Xilinx/Vivado/2023.2/lib/lnx64.o/libtcl8.5.so(Tcl_EvalObjv+0x32) [0x71e83ce336a2]
/opt/Xilinx/Vivado/2023.2/lib/lnx64.o/libtcl8.5.so(TclEvalObjEx+0x322) [0x71e83ce354c2]
/opt/Xilinx/Vivado/2023.2/lib/lnx64.o/librdi_commonmain.so(+0xe752) [0x71e844d94752]
/opt/Xilinx/Vivado/2023.2/lib/lnx64.o/libtcl8.5.so(Tcl_Main+0x1d0) [0x71e83cea02f0]
/opt/Xilinx/Vivado/2023.2/lib/lnx64.o/librdi_common.so(+0xda6f7b) [0x71e843da6f7b]
/lib/x86_64-linux-gnu/libc.so.6(+0x94ac3) [0x71e842294ac3]
/lib/x86_64-linux-gnu/libc.so.6(+0x126850) [0x71e842326850]
