#
# An unexpected error has occurred (11)
#
Stack:
/opt/Xilinx/Vivado/2019.1/tps/lnx64/jre9.0.4/lib//server/libjvm.so(+0xb6aadb) [0x7f92d776aadb]
/opt/Xilinx/Vivado/2019.1/tps/lnx64/jre9.0.4/lib//server/libjvm.so(JVM_handle_linux_signal+0xbb) [0x7f92d776fe1b]
/opt/Xilinx/Vivado/2019.1/tps/lnx64/jre9.0.4/lib//server/libjvm.so(+0xb647b8) [0x7f92d77647b8]
/lib/x86_64-linux-gnu/libc.so.6(+0x42520) [0x7f9332a42520]
/opt/Xilinx/Vivado/2019.1/lib/lnx64.o/librdi_synth.so(ElabSvlgScope::addRhsDecl(ElabSvlgDecl*)+0x1f) [0x7f92e7f4e92f]
/opt/Xilinx/Vivado/2019.1/lib/lnx64.o/librdi_synth.so(ElabSvlgScope::cleanup()+0x72) [0x7f92e7f51d22]
/opt/Xilinx/Vivado/2019.1/lib/lnx64.o/librdi_synth.so(ElabSvlgScope::~ElabSvlgScope()+0x1e) [0x7f92e7f5268e]
/opt/Xilinx/Vivado/2019.1/lib/lnx64.o/librdi_synth.so(ElabSvlgScope::statement(Oasys_Verific::VeriSeqBlock*)+0x20) [0x7f92e7f570d0]
/opt/Xilinx/Vivado/2019.1/lib/lnx64.o/librdi_synth.so(ElabSvlgScope::vstatement(Oasys_Verific::VeriStatement*)+0xd3) [0x7f92e7f57243]
/opt/Xilinx/Vivado/2019.1/lib/lnx64.o/librdi_synth.so(ElabSvlgScope::statements(Oasys_Verific::Array*)+0x6e) [0x7f92e7f5775e]
/opt/Xilinx/Vivado/2019.1/lib/lnx64.o/librdi_synth.so(ElabSvlgBlock::ElabSvlgBlock(ElabSvlgScope*, Oasys_Verific::Array*, bool)+0x7b) [0x7f92e82beeeb]
/opt/Xilinx/Vivado/2019.1/lib/lnx64.o/librdi_synth.so(ElabSvlgAlways::ElabSvlgAlways(ElabSvlgScope*, Oasys_Verific::VeriModuleItem*)+0x24b) [0x7f92e82adefb]
/opt/Xilinx/Vivado/2019.1/lib/lnx64.o/librdi_synth.so(+0x1745da6) [0x7f92e7f45da6]
/opt/Xilinx/Vivado/2019.1/lib/lnx64.o/librdi_synth.so(ElabSvlgModGen::createModGenItems(Oasys_Verific::Array*, bool, bool)+0x867) [0x7f92e7f46667]
/opt/Xilinx/Vivado/2019.1/lib/lnx64.o/librdi_synth.so(ElabSvlgMod::createModuleItems(UList<ElabNamedUConst*, UListNode<ElabNamedUConst*>, ElabNamedUConst*, UEValue<ElabNamedUConst*, UListNode<ElabNamedUConst*> > >*, UHashMapList<UString, ElabSvlgIntfExpr*, UString, UEKey<UString> >*, bool)+0x2b0) [0x7f92e7f31850]
/opt/Xilinx/Vivado/2019.1/lib/lnx64.o/librdi_synth.so(ElabSvlgMod::elaborateBody(UList<ElabNamedUConst*, UListNode<ElabNamedUConst*>, ElabNamedUConst*, UEValue<ElabNamedUConst*, UListNode<ElabNamedUConst*> > >*, UHashMapList<UString, ElabSvlgIntfExpr*, UString, UEKey<UString> >*, bool)+0x3b0) [0x7f92e7f31d80]
/opt/Xilinx/Vivado/2019.1/lib/lnx64.o/librdi_synth.so(ElabSvlgMod::elaborate(UList<ElabNamedUConst*, UListNode<ElabNamedUConst*>, ElabNamedUConst*, UEValue<ElabNamedUConst*, UListNode<ElabNamedUConst*> > >*, UHashMapList<UString, ElabSvlgIntfExpr*, UString, UEKey<UString> >*)+0x12b1) [0x7f92e7f33341]
/opt/Xilinx/Vivado/2019.1/lib/lnx64.o/librdi_synth.so(ElabSvlgModGen::modInst(Oasys_Verific::VeriInstId*)+0x1705) [0x7f92e7f13275]
/opt/Xilinx/Vivado/2019.1/lib/lnx64.o/librdi_synth.so(ElabSvlgModGen::createModInsts(Oasys_Verific::VeriModuleInstantiation*)+0x45) [0x7f92e7f36bb5]
/opt/Xilinx/Vivado/2019.1/lib/lnx64.o/librdi_synth.so(ElabSvlgModGen::createModGenItems(Oasys_Verific::Array*, bool, bool)+0x83c) [0x7f92e7f4663c]
/opt/Xilinx/Vivado/2019.1/lib/lnx64.o/librdi_synth.so(ElabSvlgMod::createModuleItems(UList<ElabNamedUConst*, UListNode<ElabNamedUConst*>, ElabNamedUConst*, UEValue<ElabNamedUConst*, UListNode<ElabNamedUConst*> > >*, UHashMapList<UString, ElabSvlgIntfExpr*, UString, UEKey<UString> >*, bool)+0x2b0) [0x7f92e7f31850]
/opt/Xilinx/Vivado/2019.1/lib/lnx64.o/librdi_synth.so(ElabSvlgMod::elaborateBody(UList<ElabNamedUConst*, UListNode<ElabNamedUConst*>, ElabNamedUConst*, UEValue<ElabNamedUConst*, UListNode<ElabNamedUConst*> > >*, UHashMapList<UString, ElabSvlgIntfExpr*, UString, UEKey<UString> >*, bool)+0x3b0) [0x7f92e7f31d80]
/opt/Xilinx/Vivado/2019.1/lib/lnx64.o/librdi_synth.so(ElabSvlgMod::elaborate(UList<ElabNamedUConst*, UListNode<ElabNamedUConst*>, ElabNamedUConst*, UEValue<ElabNamedUConst*, UListNode<ElabNamedUConst*> > >*, UHashMapList<UString, ElabSvlgIntfExpr*, UString, UEKey<UString> >*)+0x12b1) [0x7f92e7f33341]
/opt/Xilinx/Vivado/2019.1/lib/lnx64.o/librdi_synth.so(ElabSvlgModGen::modInst(Oasys_Verific::VeriInstId*)+0x1705) [0x7f92e7f13275]
/opt/Xilinx/Vivado/2019.1/lib/lnx64.o/librdi_synth.so(ElabSvlgModGen::createModInsts(Oasys_Verific::VeriModuleInstantiation*)+0x45) [0x7f92e7f36bb5]
/opt/Xilinx/Vivado/2019.1/lib/lnx64.o/librdi_synth.so(ElabSvlgModGen::createModGenItems(Oasys_Verific::Array*, bool, bool)+0x83c) [0x7f92e7f4663c]
/opt/Xilinx/Vivado/2019.1/lib/lnx64.o/librdi_synth.so(ElabSvlgMod::createModuleItems(UList<ElabNamedUConst*, UListNode<ElabNamedUConst*>, ElabNamedUConst*, UEValue<ElabNamedUConst*, UListNode<ElabNamedUConst*> > >*, UHashMapList<UString, ElabSvlgIntfExpr*, UString, UEKey<UString> >*, bool)+0x2b0) [0x7f92e7f31850]
/opt/Xilinx/Vivado/2019.1/lib/lnx64.o/librdi_synth.so(ElabSvlgMod::elaborateBody(UList<ElabNamedUConst*, UListNode<ElabNamedUConst*>, ElabNamedUConst*, UEValue<ElabNamedUConst*, UListNode<ElabNamedUConst*> > >*, UHashMapList<UString, ElabSvlgIntfExpr*, UString, UEKey<UString> >*, bool)+0x3b0) [0x7f92e7f31d80]
/opt/Xilinx/Vivado/2019.1/lib/lnx64.o/librdi_synth.so(ElabSvlgMod::elaborate(UList<ElabNamedUConst*, UListNode<ElabNamedUConst*>, ElabNamedUConst*, UEValue<ElabNamedUConst*, UListNode<ElabNamedUConst*> > >*, UHashMapList<UString, ElabSvlgIntfExpr*, UString, UEKey<UString> >*)+0x12b1) [0x7f92e7f33341]
/opt/Xilinx/Vivado/2019.1/lib/lnx64.o/librdi_synth.so(ElabModulePool::elaborate(ElabModule*, UList<ElabNamedUConst*, UListNode<ElabNamedUConst*>, ElabNamedUConst*, UEValue<ElabNamedUConst*, UListNode<ElabNamedUConst*> > >*, UTrace const&, DFGraph*&, ElabPdInst*)+0x1132) [0x7f92e7ef1292]
/opt/Xilinx/Vivado/2019.1/lib/lnx64.o/librdi_synth.so(ElabModulePool::elaborate(ElabModule*, UList<ElabNamedUConst*, UListNode<ElabNamedUConst*>, ElabNamedUConst*, UEValue<ElabNamedUConst*, UListNode<ElabNamedUConst*> > >*, UTrace const&)+0x4b) [0x7f92e7ef180b]
/opt/Xilinx/Vivado/2019.1/lib/lnx64.o/librdi_synth.so(HDb::elaborate(UString const&, char const*)+0x7c4) [0x7f92e7ee43a4]
/opt/Xilinx/Vivado/2019.1/lib/lnx64.o/librdi_synth.so(HDb::synthesize(UString const&, bool, bool, char const*)+0xa6) [0x7f92e7ee5466]
/opt/Xilinx/Vivado/2019.1/lib/lnx64.o/librdi_synth.so(NDb::synthesize(UString const&, bool, bool, char const*)+0xb2) [0x7f92e7ee5612]
/opt/Xilinx/Vivado/2019.1/lib/lnx64.o/librdi_synth.so(HARTNDb::elaborate(UString const&, bool, bool, char const*)+0x84) [0x7f92e73bc2f4]
/opt/Xilinx/Vivado/2019.1/lib/lnx64.o/librdi_synth.so(HARTNDb::synthesize(UString const&, bool, bool, char const*)+0x42a) [0x7f92e73e831a]
/opt/Xilinx/Vivado/2019.1/lib/lnx64.o/librdi_synth.so(+0xdd0ed9) [0x7f92e75d0ed9]
/opt/Xilinx/Vivado/2019.1/lib/lnx64.o/librdi_synth.so(+0xdd10d0) [0x7f92e75d10d0]
/opt/Xilinx/Vivado/2019.1/lib/lnx64.o/librdi_synth.so(+0xcaf7fd) [0x7f92e74af7fd]
/opt/Xilinx/Vivado/2019.1/lib/lnx64.o/libtcl8.5.so(+0x334af) [0x7f932a8334af]
/opt/Xilinx/Vivado/2019.1/lib/lnx64.o/libtcl8.5.so(+0x76875) [0x7f932a876875]
/opt/Xilinx/Vivado/2019.1/lib/lnx64.o/libtcl8.5.so(TclObjInterpProcCore+0x420) [0x7f932a8b7df0]
/opt/Xilinx/Vivado/2019.1/lib/lnx64.o/libtcl8.5.so(+0x334af) [0x7f932a8334af]
/opt/Xilinx/Vivado/2019.1/lib/lnx64.o/libtcl8.5.so(+0x34b38) [0x7f932a834b38]
/opt/Xilinx/Vivado/2019.1/lib/lnx64.o/libtcl8.5.so(Tcl_EvalEx+0x13) [0x7f932a8350a3]
/opt/Xilinx/Vivado/2019.1/lib/lnx64.o/libtcl8.5.so(TclEvalObjEx+0x1e0) [0x7f932a8352c0]
/opt/Xilinx/Vivado/2019.1/lib/lnx64.o/libtcl8.5.so(+0x3b375) [0x7f932a83b375]
/opt/Xilinx/Vivado/2019.1/lib/lnx64.o/libtcl8.5.so(+0x334af) [0x7f932a8334af]
/opt/Xilinx/Vivado/2019.1/lib/lnx64.o/libtcl8.5.so(+0x76875) [0x7f932a876875]
/opt/Xilinx/Vivado/2019.1/lib/lnx64.o/libtcl8.5.so(+0x7e029) [0x7f932a87e029]
/opt/Xilinx/Vivado/2019.1/lib/lnx64.o/libtcl8.5.so(TclEvalObjEx+0x76) [0x7f932a835156]
/opt/Xilinx/Vivado/2019.1/lib/lnx64.o/librdi_commontasks.so(+0x1ebc27) [0x7f93231ebc27]
/opt/Xilinx/Vivado/2019.1/lib/lnx64.o/libtcl8.5.so(+0x334af) [0x7f932a8334af]
/opt/Xilinx/Vivado/2019.1/lib/lnx64.o/libtcl8.5.so(+0x76875) [0x7f932a876875]
/opt/Xilinx/Vivado/2019.1/lib/lnx64.o/libtcl8.5.so(TclObjInterpProcCore+0x420) [0x7f932a8b7df0]
/opt/Xilinx/Vivado/2019.1/lib/lnx64.o/libtcl8.5.so(+0x334af) [0x7f932a8334af]
/opt/Xilinx/Vivado/2019.1/lib/lnx64.o/libtcl8.5.so(+0x76875) [0x7f932a876875]
/opt/Xilinx/Vivado/2019.1/lib/lnx64.o/libtcl8.5.so(+0x7e029) [0x7f932a87e029]
/opt/Xilinx/Vivado/2019.1/lib/lnx64.o/libtcl8.5.so(TclEvalObjEx+0x76) [0x7f932a835156]
/opt/Xilinx/Vivado/2019.1/lib/lnx64.o/libtcl8.5.so(+0xb7557) [0x7f932a8b7557]
/opt/Xilinx/Vivado/2019.1/lib/lnx64.o/libtcl8.5.so(+0x334af) [0x7f932a8334af]
/opt/Xilinx/Vivado/2019.1/lib/lnx64.o/libtcl8.5.so(+0x76875) [0x7f932a876875]
/opt/Xilinx/Vivado/2019.1/lib/lnx64.o/libtcl8.5.so(+0x7e029) [0x7f932a87e029]
/opt/Xilinx/Vivado/2019.1/lib/lnx64.o/libtcl8.5.so(TclEvalObjEx+0x76) [0x7f932a835156]
/opt/Xilinx/Vivado/2019.1/lib/lnx64.o/librdi_commontasks.so(+0x1ebcc4) [0x7f93231ebcc4]
/opt/Xilinx/Vivado/2019.1/lib/lnx64.o/libtcl8.5.so(+0x334af) [0x7f932a8334af]
/opt/Xilinx/Vivado/2019.1/lib/lnx64.o/libtcl8.5.so(+0x34b38) [0x7f932a834b38]
/opt/Xilinx/Vivado/2019.1/lib/lnx64.o/libtcl8.5.so(+0xad486) [0x7f932a8ad486]
/opt/Xilinx/Vivado/2019.1/lib/lnx64.o/libtcl8.5.so(+0x346c5) [0x7f932a8346c5]
/opt/Xilinx/Vivado/2019.1/lib/lnx64.o/libtcl8.5.so(Tcl_EvalEx+0x13) [0x7f932a8350a3]
/opt/Xilinx/Vivado/2019.1/lib/lnx64.o/libtcl8.5.so(Tcl_FSEvalFileEx+0x1da) [0x7f932a899c5a]
/opt/Xilinx/Vivado/2019.1/lib/lnx64.o/librdi_commontasks.so(+0x208e5d) [0x7f9323208e5d]
/opt/Xilinx/Vivado/2019.1/lib/lnx64.o/librdi_common.so(+0x8068e2) [0x7f93348068e2]
/opt/Xilinx/Vivado/2019.1/lib/lnx64.o/libtcl8.5.so(+0x334af) [0x7f932a8334af]
/opt/Xilinx/Vivado/2019.1/lib/lnx64.o/libtcl8.5.so(Tcl_EvalObjv+0x32) [0x7f932a8335e2]
/opt/Xilinx/Vivado/2019.1/lib/lnx64.o/libtcl8.5.so(TclEvalObjEx+0x322) [0x7f932a835402]
/opt/Xilinx/Vivado/2019.1/lib/lnx64.o/librdi_common.so(hdi::tcltasks::task_manager::eval_in_tcl(Tcl_Interp*, Tcl_Obj*, char const*, bool)+0xab9) [0x7f9334808719]
/opt/Xilinx/Vivado/2019.1/lib/lnx64.o/librdi_designutils.so(HRTInvoker::inProcessLaunch(HDGUIStatus&)+0x457) [0x7f9314808f07]
/opt/Xilinx/Vivado/2019.1/lib/lnx64.o/librdi_designutils.so(HRTInvoker::launch(HDGUIStatus&)+0x535) [0x7f9314809bf5]
/opt/Xilinx/Vivado/2019.1/lib/lnx64.o/librdi_project.so(HAPRProjUtils::openRodinElabNetlist(HAPRProject*, HAPRDesignSpec const&, HDARPart const*, HDGUIStatus&)+0x56a) [0x7f92f579c8aa]
/opt/Xilinx/Vivado/2019.1/lib/lnx64.o/librdi_project.so(HAPRDesign::openNetlist_(HDGUIStatus&)+0x315) [0x7f92f570eb85]
/opt/Xilinx/Vivado/2019.1/lib/lnx64.o/librdi_project.so(HAPRDesign::openAndProcessNetlist_(HDGUIStatus&, bool, bool&)+0x190) [0x7f92f5713540]
/opt/Xilinx/Vivado/2019.1/lib/lnx64.o/librdi_project.so(HAPRDesign::refreshDesign(HDGUIStatus&)+0x278) [0x7f92f5714758]
/opt/Xilinx/Vivado/2019.1/lib/lnx64.o/librdi_project.so(HAPRDesign::openAsSpec(HAPRDesignSpec const&, HDGUIStatus&)+0x2e) [0x7f92f571555e]
/opt/Xilinx/Vivado/2019.1/lib/lnx64.o/librdi_project.so(HAPRProject::openDesign_(HAPRDesignSpec const&, HDGUIStatus&)+0x7b) [0x7f92f57d347b]
/opt/Xilinx/Vivado/2019.1/lib/lnx64.o/librdi_project.so(HAPRProject::elaborate(HDARPart const*, HADAFileSet*, HADAFileSet*, std::__cxx11::basic_string<char, std::char_traits<char>, std::allocator<char> > const&, bool, std::__cxx11::basic_string<char, std::char_traits<char>, std::allocator<char> > const&, bool, bool, int, bool, bool, bool, bool, bool, HDGUIStatus&)+0x173) [0x7f92f57d3eb3]
/opt/Xilinx/Vivado/2019.1/lib/lnx64.o/librdi_vivadotasks.so(+0x54aa61) [0x7f92dbd4aa61]
/opt/Xilinx/Vivado/2019.1/lib/lnx64.o/librdi_vivadotasks.so(+0x557095) [0x7f92dbd57095]
/opt/Xilinx/Vivado/2019.1/lib/lnx64.o/librdi_common.so(+0x8068e2) [0x7f93348068e2]
/opt/Xilinx/Vivado/2019.1/lib/lnx64.o/libtcl8.5.so(+0x334af) [0x7f932a8334af]
/opt/Xilinx/Vivado/2019.1/lib/lnx64.o/libtcl8.5.so(+0x76875) [0x7f932a876875]
/opt/Xilinx/Vivado/2019.1/lib/lnx64.o/libtcl8.5.so(+0x7e029) [0x7f932a87e029]
/opt/Xilinx/Vivado/2019.1/lib/lnx64.o/libtcl8.5.so(TclEvalObjEx+0x76) [0x7f932a835156]
/opt/Xilinx/Vivado/2019.1/lib/lnx64.o/librdi_common.so(+0x804df1) [0x7f9334804df1]
/opt/Xilinx/Vivado/2019.1/lib/lnx64.o/libtcl8.5.so(Tcl_ServiceEvent+0x7f) [0x7f932a8a7b0f]
/opt/Xilinx/Vivado/2019.1/lib/lnx64.o/libtcl8.5.so(Tcl_DoOneEvent+0x154) [0x7f932a8a7e44]
/opt/Xilinx/Vivado/2019.1/lib/lnx64.o/librdi_commontasks.so(+0x231625) [0x7f9323231625]
/opt/Xilinx/Vivado/2019.1/lib/lnx64.o/librdi_commontasks.so(+0x23b163) [0x7f932323b163]
/opt/Xilinx/Vivado/2019.1/lib/lnx64.o/librdi_commontasks.so(+0x23c1fe) [0x7f932323c1fe]
/opt/Xilinx/Vivado/2019.1/lib/lnx64.o/librdi_common.so(+0x8068e2) [0x7f93348068e2]
/opt/Xilinx/Vivado/2019.1/lib/lnx64.o/libtcl8.5.so(+0x334af) [0x7f932a8334af]
/opt/Xilinx/Vivado/2019.1/lib/lnx64.o/libtcl8.5.so(+0x76875) [0x7f932a876875]
/opt/Xilinx/Vivado/2019.1/lib/lnx64.o/libtcl8.5.so(+0x7e029) [0x7f932a87e029]
/opt/Xilinx/Vivado/2019.1/lib/lnx64.o/libtcl8.5.so(TclEvalObjEx+0x76) [0x7f932a835156]
/opt/Xilinx/Vivado/2019.1/lib/lnx64.o/librdi_commonmain.so(+0x7424) [0x7f9333a07424]
/opt/Xilinx/Vivado/2019.1/lib/lnx64.o/libtcl8.5.so(Tcl_Main+0x1d0) [0x7f932a8a0210]
/opt/Xilinx/Vivado/2019.1/lib/lnx64.o/librdi_common.so(+0x84ac9b) [0x7f933484ac9b]
/lib/x86_64-linux-gnu/libc.so.6(+0x94ac3) [0x7f9332a94ac3]
/lib/x86_64-linux-gnu/libc.so.6(+0x126850) [0x7f9332b26850]
